
code.elf:     file format elf32-avr


Disassembly of section .text:

00000000 <__vectors>:
   0:	0c 94 24 01 	jmp	0x248	; 0x248 <__ctors_end>
   4:	0c 94 41 01 	jmp	0x282	; 0x282 <__bad_interrupt>
   8:	0c 94 41 01 	jmp	0x282	; 0x282 <__bad_interrupt>
   c:	0c 94 41 01 	jmp	0x282	; 0x282 <__bad_interrupt>
  10:	0c 94 41 01 	jmp	0x282	; 0x282 <__bad_interrupt>
  14:	0c 94 41 01 	jmp	0x282	; 0x282 <__bad_interrupt>
  18:	0c 94 41 01 	jmp	0x282	; 0x282 <__bad_interrupt>
  1c:	0c 94 41 01 	jmp	0x282	; 0x282 <__bad_interrupt>
  20:	0c 94 41 01 	jmp	0x282	; 0x282 <__bad_interrupt>
  24:	0c 94 41 01 	jmp	0x282	; 0x282 <__bad_interrupt>
  28:	0c 94 41 01 	jmp	0x282	; 0x282 <__bad_interrupt>
  2c:	0c 94 41 01 	jmp	0x282	; 0x282 <__bad_interrupt>
  30:	0c 94 41 01 	jmp	0x282	; 0x282 <__bad_interrupt>
  34:	0c 94 41 01 	jmp	0x282	; 0x282 <__bad_interrupt>
  38:	0c 94 41 01 	jmp	0x282	; 0x282 <__bad_interrupt>
  3c:	0c 94 41 01 	jmp	0x282	; 0x282 <__bad_interrupt>
  40:	0c 94 41 01 	jmp	0x282	; 0x282 <__bad_interrupt>
  44:	0c 94 41 01 	jmp	0x282	; 0x282 <__bad_interrupt>
  48:	0c 94 41 01 	jmp	0x282	; 0x282 <__bad_interrupt>
  4c:	0c 94 41 01 	jmp	0x282	; 0x282 <__bad_interrupt>
  50:	0c 94 41 01 	jmp	0x282	; 0x282 <__bad_interrupt>
  54:	0c 94 41 01 	jmp	0x282	; 0x282 <__bad_interrupt>
  58:	0c 94 41 01 	jmp	0x282	; 0x282 <__bad_interrupt>
  5c:	0c 94 41 01 	jmp	0x282	; 0x282 <__bad_interrupt>
  60:	0c 94 41 01 	jmp	0x282	; 0x282 <__bad_interrupt>
  64:	0c 94 41 01 	jmp	0x282	; 0x282 <__bad_interrupt>

00000068 <CHARSET>:
  68:	00 00 00 00 00 00 00 5f 00 00 00 07 00 07 00 14     ......._........
  78:	7f 14 7f 14 24 2a 7f 2a 12 23 13 08 64 62 36 49     ....$*.*.#..db6I
  88:	55 22 50 00 05 03 00 00 00 1c 22 41 00 00 41 22     U"P......."A..A"
  98:	1c 00 14 08 3e 08 14 08 08 3e 08 08 00 50 30 00     ....>....>...P0.
  a8:	00 08 08 08 08 08 00 60 60 00 00 20 10 08 04 02     .......``.. ....
  b8:	3e 51 49 45 3e 00 42 7f 40 00 42 61 51 49 46 21     >QIE>.B.@.BaQIF!
  c8:	41 45 4b 31 18 14 12 7f 10 27 45 45 45 39 3c 4a     AEK1.....'EEE9<J
  d8:	49 49 30 01 71 09 05 03 36 49 49 49 36 06 49 49     II0.q...6III6.II
  e8:	29 1e 00 36 36 00 00 00 56 36 00 00 08 14 22 41     )..66...V6...."A
  f8:	00 14 14 14 14 14 00 41 22 14 08 02 01 51 09 06     .......A"....Q..
 108:	32 49 79 41 3e 7e 11 11 11 7e 7f 49 49 49 36 3e     2IyA>~...~.III6>
 118:	41 41 41 22 7f 41 41 22 1c 7f 49 49 49 41 7f 09     AAA".AA"..IIIA..
 128:	09 09 01 3e 41 49 49 7a 7f 08 08 08 7f 00 41 7f     ...>AIIz......A.
 138:	41 00 20 40 41 3f 01 7f 08 14 22 41 7f 40 40 40     A. @A?...."A.@@@
 148:	40 7f 02 0c 02 7f 7f 04 08 10 7f 3e 41 41 41 3e     @..........>AAA>
 158:	7f 09 09 09 06 3e 41 51 21 5e 7f 09 19 29 46 46     .....>AQ!^...)FF
 168:	49 49 49 31 01 01 7f 01 01 3f 40 40 40 3f 1f 20     III1.....?@@@?. 
 178:	40 20 1f 3f 40 38 40 3f 63 14 08 14 63 07 08 70     @ .?@8@?c...c..p
 188:	08 07 61 51 49 45 43 00 7f 41 41 00 02 04 08 10     ..aQIEC..AA.....
 198:	20 00 41 41 7f 00 04 02 01 02 04 40 40 40 40 40      .AA.......@@@@@
 1a8:	00 01 02 04 00 20 54 54 54 78 7f 48 44 44 38 38     ..... TTTx.HDD88
 1b8:	44 44 44 20 38 44 44 48 7f 38 54 54 54 18 08 7e     DDD 8DDH.8TTT..~
 1c8:	09 01 02 0c 52 52 52 3e 7f 08 04 04 78 00 44 7d     ....RRR>....x.D}
 1d8:	40 00 20 40 44 3d 00 7f 10 28 44 00 00 41 7f 40     @. @D=...(D..A.@
 1e8:	00 7c 04 18 04 78 7c 08 04 04 78 38 44 44 44 38     .|...x|...x8DDD8
 1f8:	7c 14 14 14 08 08 14 14 18 7c 7c 08 04 04 08 48     |........||....H
 208:	54 54 54 20 04 3f 44 40 20 3c 40 40 20 7c 1c 20     TTT .?D@ <@@ |. 
 218:	40 20 1c 3c 40 30 40 3c 44 28 10 28 44 0c 50 50     @ .<@0@<D(.(D.PP
 228:	50 3c 44 64 54 4c 44 00 08 36 41 00 00 00 7f 00     P<DdTLD..6A.....
 238:	00 00 41 36 08 00 10 08 08 10 08 00 00 00 00 00     ..A6............

00000248 <__ctors_end>:
 248:	11 24       	eor	r1, r1
 24a:	1f be       	out	0x3f, r1	; 63
 24c:	cf ef       	ldi	r28, 0xFF	; 255
 24e:	d8 e0       	ldi	r29, 0x08	; 8
 250:	de bf       	out	0x3e, r29	; 62
 252:	cd bf       	out	0x3d, r28	; 61

00000254 <__do_copy_data>:
 254:	11 e0       	ldi	r17, 0x01	; 1
 256:	a0 e0       	ldi	r26, 0x00	; 0
 258:	b1 e0       	ldi	r27, 0x01	; 1
 25a:	e6 ec       	ldi	r30, 0xC6	; 198
 25c:	ff e0       	ldi	r31, 0x0F	; 15
 25e:	02 c0       	rjmp	.+4      	; 0x264 <__do_copy_data+0x10>
 260:	05 90       	lpm	r0, Z+
 262:	0d 92       	st	X+, r0
 264:	aa 33       	cpi	r26, 0x3A	; 58
 266:	b1 07       	cpc	r27, r17
 268:	d9 f7       	brne	.-10     	; 0x260 <__do_copy_data+0xc>

0000026a <__do_clear_bss>:
 26a:	23 e0       	ldi	r18, 0x03	; 3
 26c:	aa e3       	ldi	r26, 0x3A	; 58
 26e:	b1 e0       	ldi	r27, 0x01	; 1
 270:	01 c0       	rjmp	.+2      	; 0x274 <.do_clear_bss_start>

00000272 <.do_clear_bss_loop>:
 272:	1d 92       	st	X+, r1

00000274 <.do_clear_bss_start>:
 274:	a8 39       	cpi	r26, 0x98	; 152
 276:	b2 07       	cpc	r27, r18
 278:	e1 f7       	brne	.-8      	; 0x272 <.do_clear_bss_loop>
 27a:	0e 94 45 03 	call	0x68a	; 0x68a <main>
 27e:	0c 94 e1 07 	jmp	0xfc2	; 0xfc2 <_exit>

00000282 <__bad_interrupt>:
 282:	0c 94 00 00 	jmp	0	; 0x0 <__vectors>

00000286 <addItemToMatrix>:
 286:	0f 93       	push	r16
 288:	1f 93       	push	r17
 28a:	cf 93       	push	r28
 28c:	df 93       	push	r29
 28e:	0e 94 7b 04 	call	0x8f6	; 0x8f6 <rand>
 292:	04 e0       	ldi	r16, 0x04	; 4
 294:	10 e0       	ldi	r17, 0x00	; 0
 296:	b8 01       	movw	r22, r16
 298:	0e 94 07 04 	call	0x80e	; 0x80e <__divmodhi4>
 29c:	ec 01       	movw	r28, r24
 29e:	0e 94 7b 04 	call	0x8f6	; 0x8f6 <rand>
 2a2:	b8 01       	movw	r22, r16
 2a4:	0e 94 07 04 	call	0x80e	; 0x80e <__divmodhi4>
 2a8:	fe 01       	movw	r30, r28
 2aa:	ee 0f       	add	r30, r30
 2ac:	ff 1f       	adc	r31, r31
 2ae:	ee 0f       	add	r30, r30
 2b0:	ff 1f       	adc	r31, r31
 2b2:	e8 0f       	add	r30, r24
 2b4:	f9 1f       	adc	r31, r25
 2b6:	ee 0f       	add	r30, r30
 2b8:	ff 1f       	adc	r31, r31
 2ba:	e6 5c       	subi	r30, 0xC6	; 198
 2bc:	fe 4f       	sbci	r31, 0xFE	; 254
 2be:	80 81       	ld	r24, Z
 2c0:	91 81       	ldd	r25, Z+1	; 0x01
 2c2:	89 2b       	or	r24, r25
 2c4:	21 f4       	brne	.+8      	; 0x2ce <addItemToMatrix+0x48>
 2c6:	82 e0       	ldi	r24, 0x02	; 2
 2c8:	90 e0       	ldi	r25, 0x00	; 0
 2ca:	91 83       	std	Z+1, r25	; 0x01
 2cc:	80 83       	st	Z, r24
 2ce:	df 91       	pop	r29
 2d0:	cf 91       	pop	r28
 2d2:	1f 91       	pop	r17
 2d4:	0f 91       	pop	r16
 2d6:	08 95       	ret

000002d8 <printMatrix>:
 2d8:	8f 92       	push	r8
 2da:	9f 92       	push	r9
 2dc:	af 92       	push	r10
 2de:	bf 92       	push	r11
 2e0:	cf 92       	push	r12
 2e2:	df 92       	push	r13
 2e4:	ef 92       	push	r14
 2e6:	ff 92       	push	r15
 2e8:	0f 93       	push	r16
 2ea:	1f 93       	push	r17
 2ec:	cf 93       	push	r28
 2ee:	df 93       	push	r29
 2f0:	00 d0       	rcall	.+0      	; 0x2f2 <printMatrix+0x1a>
 2f2:	1f 92       	push	r1
 2f4:	cd b7       	in	r28, 0x3d	; 61
 2f6:	de b7       	in	r29, 0x3e	; 62
 2f8:	0e 94 23 02 	call	0x446	; 0x446 <nokia_lcd_clear>
 2fc:	8a e3       	ldi	r24, 0x3A	; 58
 2fe:	e8 2e       	mov	r14, r24
 300:	81 e0       	ldi	r24, 0x01	; 1
 302:	f8 2e       	mov	r15, r24
 304:	07 e0       	ldi	r16, 0x07	; 7
 306:	99 e0       	ldi	r25, 0x09	; 9
 308:	a9 2e       	mov	r10, r25
 30a:	91 e0       	ldi	r25, 0x01	; 1
 30c:	b9 2e       	mov	r11, r25
 30e:	ce 01       	movw	r24, r28
 310:	01 96       	adiw	r24, 0x01	; 1
 312:	4c 01       	movw	r8, r24
 314:	67 01       	movw	r12, r14
 316:	10 e1       	ldi	r17, 0x10	; 16
 318:	f6 01       	movw	r30, r12
 31a:	81 91       	ld	r24, Z+
 31c:	91 91       	ld	r25, Z+
 31e:	6f 01       	movw	r12, r30
 320:	9f 93       	push	r25
 322:	8f 93       	push	r24
 324:	bf 92       	push	r11
 326:	af 92       	push	r10
 328:	9f 92       	push	r9
 32a:	8f 92       	push	r8
 32c:	0e 94 94 04 	call	0x928	; 0x928 <sprintf>
 330:	60 2f       	mov	r22, r16
 332:	81 2f       	mov	r24, r17
 334:	0e 94 18 03 	call	0x630	; 0x630 <nokia_lcd_set_cursor>
 338:	61 e0       	ldi	r22, 0x01	; 1
 33a:	c4 01       	movw	r24, r8
 33c:	0e 94 08 03 	call	0x610	; 0x610 <nokia_lcd_write_string>
 340:	1c 5e       	subi	r17, 0xEC	; 236
 342:	0f 90       	pop	r0
 344:	0f 90       	pop	r0
 346:	0f 90       	pop	r0
 348:	0f 90       	pop	r0
 34a:	0f 90       	pop	r0
 34c:	0f 90       	pop	r0
 34e:	10 36       	cpi	r17, 0x60	; 96
 350:	19 f7       	brne	.-58     	; 0x318 <printMatrix+0x40>
 352:	f8 e0       	ldi	r31, 0x08	; 8
 354:	ef 0e       	add	r14, r31
 356:	f1 1c       	adc	r15, r1
 358:	05 5f       	subi	r16, 0xF5	; 245
 35a:	03 33       	cpi	r16, 0x33	; 51
 35c:	d9 f6       	brne	.-74     	; 0x314 <printMatrix+0x3c>
 35e:	0e 94 1d 03 	call	0x63a	; 0x63a <nokia_lcd_render>
 362:	0f 90       	pop	r0
 364:	0f 90       	pop	r0
 366:	0f 90       	pop	r0
 368:	df 91       	pop	r29
 36a:	cf 91       	pop	r28
 36c:	1f 91       	pop	r17
 36e:	0f 91       	pop	r16
 370:	ff 90       	pop	r15
 372:	ef 90       	pop	r14
 374:	df 90       	pop	r13
 376:	cf 90       	pop	r12
 378:	bf 90       	pop	r11
 37a:	af 90       	pop	r10
 37c:	9f 90       	pop	r9
 37e:	8f 90       	pop	r8
 380:	08 95       	ret

00000382 <write>:
 382:	29 98       	cbi	0x05, 1	; 5
 384:	66 23       	and	r22, r22
 386:	11 f0       	breq	.+4      	; 0x38c <write+0xa>
 388:	2b 9a       	sbi	0x05, 3	; 5
 38a:	01 c0       	rjmp	.+2      	; 0x38e <write+0xc>
 38c:	2b 98       	cbi	0x05, 3	; 5
 38e:	27 e0       	ldi	r18, 0x07	; 7
 390:	30 e0       	ldi	r19, 0x00	; 0
 392:	90 e0       	ldi	r25, 0x00	; 0
 394:	ac 01       	movw	r20, r24
 396:	02 2e       	mov	r0, r18
 398:	02 c0       	rjmp	.+4      	; 0x39e <write+0x1c>
 39a:	55 95       	asr	r21
 39c:	47 95       	ror	r20
 39e:	0a 94       	dec	r0
 3a0:	e2 f7       	brpl	.-8      	; 0x39a <write+0x18>
 3a2:	40 ff       	sbrs	r20, 0
 3a4:	02 c0       	rjmp	.+4      	; 0x3aa <write+0x28>
 3a6:	2c 9a       	sbi	0x05, 4	; 5
 3a8:	01 c0       	rjmp	.+2      	; 0x3ac <write+0x2a>
 3aa:	2c 98       	cbi	0x05, 4	; 5
 3ac:	2d 9a       	sbi	0x05, 5	; 5
 3ae:	2d 98       	cbi	0x05, 5	; 5
 3b0:	21 50       	subi	r18, 0x01	; 1
 3b2:	31 09       	sbc	r19, r1
 3b4:	78 f7       	brcc	.-34     	; 0x394 <write+0x12>
 3b6:	29 9a       	sbi	0x05, 1	; 5
 3b8:	08 95       	ret

000003ba <write_cmd>:
 3ba:	60 e0       	ldi	r22, 0x00	; 0
 3bc:	0c 94 c1 01 	jmp	0x382	; 0x382 <write>

000003c0 <nokia_lcd_init>:
 3c0:	cf 93       	push	r28
 3c2:	df 93       	push	r29
 3c4:	21 9a       	sbi	0x04, 1	; 4
 3c6:	22 9a       	sbi	0x04, 2	; 4
 3c8:	23 9a       	sbi	0x04, 3	; 4
 3ca:	24 9a       	sbi	0x04, 4	; 4
 3cc:	25 9a       	sbi	0x04, 5	; 4
 3ce:	2a 9a       	sbi	0x05, 2	; 5
 3d0:	29 9a       	sbi	0x05, 1	; 5
 3d2:	8f e3       	ldi	r24, 0x3F	; 63
 3d4:	9c e9       	ldi	r25, 0x9C	; 156
 3d6:	01 97       	sbiw	r24, 0x01	; 1
 3d8:	f1 f7       	brne	.-4      	; 0x3d6 <nokia_lcd_init+0x16>
 3da:	00 c0       	rjmp	.+0      	; 0x3dc <nokia_lcd_init+0x1c>
 3dc:	00 00       	nop
 3de:	2a 98       	cbi	0x05, 2	; 5
 3e0:	9f ef       	ldi	r25, 0xFF	; 255
 3e2:	2a e6       	ldi	r18, 0x6A	; 106
 3e4:	83 e0       	ldi	r24, 0x03	; 3
 3e6:	91 50       	subi	r25, 0x01	; 1
 3e8:	20 40       	sbci	r18, 0x00	; 0
 3ea:	80 40       	sbci	r24, 0x00	; 0
 3ec:	e1 f7       	brne	.-8      	; 0x3e6 <nokia_lcd_init+0x26>
 3ee:	00 c0       	rjmp	.+0      	; 0x3f0 <nokia_lcd_init+0x30>
 3f0:	00 00       	nop
 3f2:	2a 9a       	sbi	0x05, 2	; 5
 3f4:	29 98       	cbi	0x05, 1	; 5
 3f6:	81 e2       	ldi	r24, 0x21	; 33
 3f8:	0e 94 dd 01 	call	0x3ba	; 0x3ba <write_cmd>
 3fc:	83 e1       	ldi	r24, 0x13	; 19
 3fe:	0e 94 dd 01 	call	0x3ba	; 0x3ba <write_cmd>
 402:	86 e0       	ldi	r24, 0x06	; 6
 404:	0e 94 dd 01 	call	0x3ba	; 0x3ba <write_cmd>
 408:	82 ec       	ldi	r24, 0xC2	; 194
 40a:	0e 94 dd 01 	call	0x3ba	; 0x3ba <write_cmd>
 40e:	80 e2       	ldi	r24, 0x20	; 32
 410:	0e 94 dd 01 	call	0x3ba	; 0x3ba <write_cmd>
 414:	89 e0       	ldi	r24, 0x09	; 9
 416:	0e 94 dd 01 	call	0x3ba	; 0x3ba <write_cmd>
 41a:	80 e8       	ldi	r24, 0x80	; 128
 41c:	0e 94 dd 01 	call	0x3ba	; 0x3ba <write_cmd>
 420:	80 e4       	ldi	r24, 0x40	; 64
 422:	0e 94 dd 01 	call	0x3ba	; 0x3ba <write_cmd>
 426:	c8 ef       	ldi	r28, 0xF8	; 248
 428:	d1 e0       	ldi	r29, 0x01	; 1
 42a:	61 e0       	ldi	r22, 0x01	; 1
 42c:	80 e0       	ldi	r24, 0x00	; 0
 42e:	0e 94 c1 01 	call	0x382	; 0x382 <write>
 432:	21 97       	sbiw	r28, 0x01	; 1
 434:	d1 f7       	brne	.-12     	; 0x42a <__EEPROM_REGION_LENGTH__+0x2a>
 436:	88 e0       	ldi	r24, 0x08	; 8
 438:	0e 94 dd 01 	call	0x3ba	; 0x3ba <write_cmd>
 43c:	8c e0       	ldi	r24, 0x0C	; 12
 43e:	df 91       	pop	r29
 440:	cf 91       	pop	r28
 442:	0c 94 dd 01 	jmp	0x3ba	; 0x3ba <write_cmd>

00000446 <nokia_lcd_clear>:
 446:	80 e8       	ldi	r24, 0x80	; 128
 448:	0e 94 dd 01 	call	0x3ba	; 0x3ba <write_cmd>
 44c:	80 e4       	ldi	r24, 0x40	; 64
 44e:	0e 94 dd 01 	call	0x3ba	; 0x3ba <write_cmd>
 452:	10 92 52 03 	sts	0x0352, r1	; 0x800352 <nokia_lcd+0x1f8>
 456:	10 92 53 03 	sts	0x0353, r1	; 0x800353 <nokia_lcd+0x1f9>
 45a:	88 ef       	ldi	r24, 0xF8	; 248
 45c:	91 e0       	ldi	r25, 0x01	; 1
 45e:	ea e5       	ldi	r30, 0x5A	; 90
 460:	f1 e0       	ldi	r31, 0x01	; 1
 462:	df 01       	movw	r26, r30
 464:	9c 01       	movw	r18, r24
 466:	1d 92       	st	X+, r1
 468:	21 50       	subi	r18, 0x01	; 1
 46a:	30 40       	sbci	r19, 0x00	; 0
 46c:	e1 f7       	brne	.-8      	; 0x466 <nokia_lcd_clear+0x20>
 46e:	08 95       	ret

00000470 <nokia_lcd_power>:
 470:	81 11       	cpse	r24, r1
 472:	02 c0       	rjmp	.+4      	; 0x478 <nokia_lcd_power+0x8>
 474:	84 e2       	ldi	r24, 0x24	; 36
 476:	01 c0       	rjmp	.+2      	; 0x47a <nokia_lcd_power+0xa>
 478:	80 e2       	ldi	r24, 0x20	; 32
 47a:	0c 94 dd 01 	jmp	0x3ba	; 0x3ba <write_cmd>

0000047e <nokia_lcd_set_pixel>:
 47e:	96 2f       	mov	r25, r22
 480:	96 95       	lsr	r25
 482:	96 95       	lsr	r25
 484:	96 95       	lsr	r25
 486:	e8 2f       	mov	r30, r24
 488:	f0 e0       	ldi	r31, 0x00	; 0
 48a:	84 e5       	ldi	r24, 0x54	; 84
 48c:	98 9f       	mul	r25, r24
 48e:	e0 0d       	add	r30, r0
 490:	f1 1d       	adc	r31, r1
 492:	11 24       	eor	r1, r1
 494:	e6 5a       	subi	r30, 0xA6	; 166
 496:	fe 4f       	sbci	r31, 0xFE	; 254
 498:	67 70       	andi	r22, 0x07	; 7
 49a:	81 e0       	ldi	r24, 0x01	; 1
 49c:	90 e0       	ldi	r25, 0x00	; 0
 49e:	01 c0       	rjmp	.+2      	; 0x4a2 <nokia_lcd_set_pixel+0x24>
 4a0:	88 0f       	add	r24, r24
 4a2:	6a 95       	dec	r22
 4a4:	ea f7       	brpl	.-6      	; 0x4a0 <nokia_lcd_set_pixel+0x22>
 4a6:	44 23       	and	r20, r20
 4a8:	19 f0       	breq	.+6      	; 0x4b0 <nokia_lcd_set_pixel+0x32>
 4aa:	90 81       	ld	r25, Z
 4ac:	89 2b       	or	r24, r25
 4ae:	03 c0       	rjmp	.+6      	; 0x4b6 <nokia_lcd_set_pixel+0x38>
 4b0:	80 95       	com	r24
 4b2:	90 81       	ld	r25, Z
 4b4:	89 23       	and	r24, r25
 4b6:	80 83       	st	Z, r24
 4b8:	08 95       	ret

000004ba <nokia_lcd_write_char>:
 4ba:	8f 92       	push	r8
 4bc:	9f 92       	push	r9
 4be:	af 92       	push	r10
 4c0:	bf 92       	push	r11
 4c2:	df 92       	push	r13
 4c4:	ef 92       	push	r14
 4c6:	ff 92       	push	r15
 4c8:	0f 93       	push	r16
 4ca:	1f 93       	push	r17
 4cc:	cf 93       	push	r28
 4ce:	df 93       	push	r29
 4d0:	00 d0       	rcall	.+0      	; 0x4d2 <nokia_lcd_write_char+0x18>
 4d2:	00 d0       	rcall	.+0      	; 0x4d4 <nokia_lcd_write_char+0x1a>
 4d4:	1f 92       	push	r1
 4d6:	cd b7       	in	r28, 0x3d	; 61
 4d8:	de b7       	in	r29, 0x3e	; 62
 4da:	f6 2e       	mov	r15, r22
 4dc:	28 2f       	mov	r18, r24
 4de:	08 2e       	mov	r0, r24
 4e0:	00 0c       	add	r0, r0
 4e2:	33 0b       	sbc	r19, r19
 4e4:	80 32       	cpi	r24, 0x20	; 32
 4e6:	6c f0       	brlt	.+26     	; 0x502 <nokia_lcd_write_char+0x48>
 4e8:	20 52       	subi	r18, 0x20	; 32
 4ea:	31 09       	sbc	r19, r1
 4ec:	85 e0       	ldi	r24, 0x05	; 5
 4ee:	82 9f       	mul	r24, r18
 4f0:	b0 01       	movw	r22, r0
 4f2:	83 9f       	mul	r24, r19
 4f4:	70 0d       	add	r23, r0
 4f6:	11 24       	eor	r1, r1
 4f8:	68 59       	subi	r22, 0x98	; 152
 4fa:	7f 4f       	sbci	r23, 0xFF	; 255
 4fc:	45 e0       	ldi	r20, 0x05	; 5
 4fe:	50 e0       	ldi	r21, 0x00	; 0
 500:	0e c0       	rjmp	.+28     	; 0x51e <nokia_lcd_write_char+0x64>
 502:	22 0f       	add	r18, r18
 504:	33 1f       	adc	r19, r19
 506:	f9 01       	movw	r30, r18
 508:	ec 5a       	subi	r30, 0xAC	; 172
 50a:	fc 4f       	sbci	r31, 0xFC	; 252
 50c:	00 81       	ld	r16, Z
 50e:	11 81       	ldd	r17, Z+1	; 0x01
 510:	01 15       	cp	r16, r1
 512:	11 05       	cpc	r17, r1
 514:	59 f4       	brne	.+22     	; 0x52c <nokia_lcd_write_char+0x72>
 516:	45 e0       	ldi	r20, 0x05	; 5
 518:	50 e0       	ldi	r21, 0x00	; 0
 51a:	68 e6       	ldi	r22, 0x68	; 104
 51c:	70 e0       	ldi	r23, 0x00	; 0
 51e:	ce 01       	movw	r24, r28
 520:	01 96       	adiw	r24, 0x01	; 1
 522:	0e 94 8b 04 	call	0x916	; 0x916 <memcpy_P>
 526:	8e 01       	movw	r16, r28
 528:	0f 5f       	subi	r16, 0xFF	; 255
 52a:	1f 4f       	sbci	r17, 0xFF	; 255
 52c:	85 e0       	ldi	r24, 0x05	; 5
 52e:	f8 9e       	mul	r15, r24
 530:	50 01       	movw	r10, r0
 532:	11 24       	eor	r1, r1
 534:	97 e0       	ldi	r25, 0x07	; 7
 536:	f9 9e       	mul	r15, r25
 538:	40 01       	movw	r8, r0
 53a:	11 24       	eor	r1, r1
 53c:	d1 2c       	mov	r13, r1
 53e:	8d 2d       	mov	r24, r13
 540:	90 e0       	ldi	r25, 0x00	; 0
 542:	8a 15       	cp	r24, r10
 544:	9b 05       	cpc	r25, r11
 546:	44 f5       	brge	.+80     	; 0x598 <nokia_lcd_write_char+0xde>
 548:	e1 2c       	mov	r14, r1
 54a:	8e 2d       	mov	r24, r14
 54c:	90 e0       	ldi	r25, 0x00	; 0
 54e:	88 15       	cp	r24, r8
 550:	99 05       	cpc	r25, r9
 552:	04 f5       	brge	.+64     	; 0x594 <nokia_lcd_write_char+0xda>
 554:	8d 2d       	mov	r24, r13
 556:	6f 2d       	mov	r22, r15
 558:	0e 94 fb 03 	call	0x7f6	; 0x7f6 <__udivmodqi4>
 55c:	f8 01       	movw	r30, r16
 55e:	e8 0f       	add	r30, r24
 560:	f1 1d       	adc	r31, r1
 562:	20 81       	ld	r18, Z
 564:	30 e0       	ldi	r19, 0x00	; 0
 566:	8e 2d       	mov	r24, r14
 568:	0e 94 fb 03 	call	0x7f6	; 0x7f6 <__udivmodqi4>
 56c:	02 c0       	rjmp	.+4      	; 0x572 <nokia_lcd_write_char+0xb8>
 56e:	35 95       	asr	r19
 570:	27 95       	ror	r18
 572:	8a 95       	dec	r24
 574:	e2 f7       	brpl	.-8      	; 0x56e <nokia_lcd_write_char+0xb4>
 576:	60 91 53 03 	lds	r22, 0x0353	; 0x800353 <nokia_lcd+0x1f9>
 57a:	80 91 52 03 	lds	r24, 0x0352	; 0x800352 <nokia_lcd+0x1f8>
 57e:	6e 0d       	add	r22, r14
 580:	20 ff       	sbrs	r18, 0
 582:	02 c0       	rjmp	.+4      	; 0x588 <nokia_lcd_write_char+0xce>
 584:	41 e0       	ldi	r20, 0x01	; 1
 586:	01 c0       	rjmp	.+2      	; 0x58a <nokia_lcd_write_char+0xd0>
 588:	40 e0       	ldi	r20, 0x00	; 0
 58a:	8d 0d       	add	r24, r13
 58c:	0e 94 3f 02 	call	0x47e	; 0x47e <nokia_lcd_set_pixel>
 590:	e3 94       	inc	r14
 592:	db cf       	rjmp	.-74     	; 0x54a <nokia_lcd_write_char+0x90>
 594:	d3 94       	inc	r13
 596:	d3 cf       	rjmp	.-90     	; 0x53e <nokia_lcd_write_char+0x84>
 598:	80 91 52 03 	lds	r24, 0x0352	; 0x800352 <nokia_lcd+0x1f8>
 59c:	91 e0       	ldi	r25, 0x01	; 1
 59e:	98 0f       	add	r25, r24
 5a0:	8f 2d       	mov	r24, r15
 5a2:	88 0f       	add	r24, r24
 5a4:	88 0f       	add	r24, r24
 5a6:	8f 0d       	add	r24, r15
 5a8:	89 0f       	add	r24, r25
 5aa:	84 35       	cpi	r24, 0x54	; 84
 5ac:	18 f4       	brcc	.+6      	; 0x5b4 <nokia_lcd_write_char+0xfa>
 5ae:	80 93 52 03 	sts	0x0352, r24	; 0x800352 <nokia_lcd+0x1f8>
 5b2:	0b c0       	rjmp	.+22     	; 0x5ca <nokia_lcd_write_char+0x110>
 5b4:	10 92 52 03 	sts	0x0352, r1	; 0x800352 <nokia_lcd+0x1f8>
 5b8:	80 91 53 03 	lds	r24, 0x0353	; 0x800353 <nokia_lcd+0x1f9>
 5bc:	8f 5f       	subi	r24, 0xFF	; 255
 5be:	97 e0       	ldi	r25, 0x07	; 7
 5c0:	f9 9e       	mul	r15, r25
 5c2:	80 0d       	add	r24, r0
 5c4:	11 24       	eor	r1, r1
 5c6:	80 93 53 03 	sts	0x0353, r24	; 0x800353 <nokia_lcd+0x1f9>
 5ca:	80 91 53 03 	lds	r24, 0x0353	; 0x800353 <nokia_lcd+0x1f9>
 5ce:	80 33       	cpi	r24, 0x30	; 48
 5d0:	20 f0       	brcs	.+8      	; 0x5da <nokia_lcd_write_char+0x120>
 5d2:	10 92 52 03 	sts	0x0352, r1	; 0x800352 <nokia_lcd+0x1f8>
 5d6:	10 92 53 03 	sts	0x0353, r1	; 0x800353 <nokia_lcd+0x1f9>
 5da:	0f 90       	pop	r0
 5dc:	0f 90       	pop	r0
 5de:	0f 90       	pop	r0
 5e0:	0f 90       	pop	r0
 5e2:	0f 90       	pop	r0
 5e4:	df 91       	pop	r29
 5e6:	cf 91       	pop	r28
 5e8:	1f 91       	pop	r17
 5ea:	0f 91       	pop	r16
 5ec:	ff 90       	pop	r15
 5ee:	ef 90       	pop	r14
 5f0:	df 90       	pop	r13
 5f2:	bf 90       	pop	r11
 5f4:	af 90       	pop	r10
 5f6:	9f 90       	pop	r9
 5f8:	8f 90       	pop	r8
 5fa:	08 95       	ret

000005fc <nokia_lcd_custom>:
 5fc:	80 32       	cpi	r24, 0x20	; 32
 5fe:	3c f4       	brge	.+14     	; 0x60e <nokia_lcd_custom+0x12>
 600:	e8 2f       	mov	r30, r24
 602:	ee 0f       	add	r30, r30
 604:	ff 0b       	sbc	r31, r31
 606:	ec 5a       	subi	r30, 0xAC	; 172
 608:	fc 4f       	sbci	r31, 0xFC	; 252
 60a:	71 83       	std	Z+1, r23	; 0x01
 60c:	60 83       	st	Z, r22
 60e:	08 95       	ret

00000610 <nokia_lcd_write_string>:
 610:	1f 93       	push	r17
 612:	cf 93       	push	r28
 614:	df 93       	push	r29
 616:	16 2f       	mov	r17, r22
 618:	ec 01       	movw	r28, r24
 61a:	89 91       	ld	r24, Y+
 61c:	88 23       	and	r24, r24
 61e:	21 f0       	breq	.+8      	; 0x628 <nokia_lcd_write_string+0x18>
 620:	61 2f       	mov	r22, r17
 622:	0e 94 5d 02 	call	0x4ba	; 0x4ba <nokia_lcd_write_char>
 626:	f9 cf       	rjmp	.-14     	; 0x61a <nokia_lcd_write_string+0xa>
 628:	df 91       	pop	r29
 62a:	cf 91       	pop	r28
 62c:	1f 91       	pop	r17
 62e:	08 95       	ret

00000630 <nokia_lcd_set_cursor>:
 630:	80 93 52 03 	sts	0x0352, r24	; 0x800352 <nokia_lcd+0x1f8>
 634:	60 93 53 03 	sts	0x0353, r22	; 0x800353 <nokia_lcd+0x1f9>
 638:	08 95       	ret

0000063a <nokia_lcd_render>:
 63a:	cf 93       	push	r28
 63c:	df 93       	push	r29
 63e:	80 e8       	ldi	r24, 0x80	; 128
 640:	0e 94 dd 01 	call	0x3ba	; 0x3ba <write_cmd>
 644:	80 e4       	ldi	r24, 0x40	; 64
 646:	0e 94 dd 01 	call	0x3ba	; 0x3ba <write_cmd>
 64a:	ca e5       	ldi	r28, 0x5A	; 90
 64c:	d1 e0       	ldi	r29, 0x01	; 1
 64e:	61 e0       	ldi	r22, 0x01	; 1
 650:	89 91       	ld	r24, Y+
 652:	0e 94 c1 01 	call	0x382	; 0x382 <write>
 656:	83 e0       	ldi	r24, 0x03	; 3
 658:	c2 35       	cpi	r28, 0x52	; 82
 65a:	d8 07       	cpc	r29, r24
 65c:	c1 f7       	brne	.-16     	; 0x64e <nokia_lcd_render+0x14>
 65e:	df 91       	pop	r29
 660:	cf 91       	pop	r28
 662:	08 95       	ret

00000664 <time>:
 664:	fc 01       	movw	r30, r24
 666:	0f b6       	in	r0, 0x3f	; 63
 668:	f8 94       	cli
 66a:	60 91 94 03 	lds	r22, 0x0394	; 0x800394 <__system_time>
 66e:	70 91 95 03 	lds	r23, 0x0395	; 0x800395 <__system_time+0x1>
 672:	80 91 96 03 	lds	r24, 0x0396	; 0x800396 <__system_time+0x2>
 676:	90 91 97 03 	lds	r25, 0x0397	; 0x800397 <__system_time+0x3>
 67a:	0f be       	out	0x3f, r0	; 63
 67c:	30 97       	sbiw	r30, 0x00	; 0
 67e:	21 f0       	breq	.+8      	; 0x688 <time+0x24>
 680:	60 83       	st	Z, r22
 682:	71 83       	std	Z+1, r23	; 0x01
 684:	82 83       	std	Z+2, r24	; 0x02
 686:	93 83       	std	Z+3, r25	; 0x03
 688:	08 95       	ret

0000068a <main>:
 68a:	8a b1       	in	r24, 0x0a	; 10
 68c:	80 7f       	andi	r24, 0xF0	; 240
 68e:	8a b9       	out	0x0a, r24	; 10
 690:	8b b1       	in	r24, 0x0b	; 11
 692:	80 7f       	andi	r24, 0xF0	; 240
 694:	8b b9       	out	0x0b, r24	; 11
 696:	20 98       	cbi	0x04, 0	; 4
 698:	28 98       	cbi	0x05, 0	; 5
 69a:	80 e0       	ldi	r24, 0x00	; 0
 69c:	90 e0       	ldi	r25, 0x00	; 0
 69e:	0e 94 32 03 	call	0x664	; 0x664 <time>
 6a2:	6b 01       	movw	r12, r22
 6a4:	7c 01       	movw	r14, r24
 6a6:	eb 01       	movw	r28, r22
 6a8:	0e 94 e0 01 	call	0x3c0	; 0x3c0 <nokia_lcd_init>
 6ac:	0e 94 23 02 	call	0x446	; 0x446 <nokia_lcd_clear>
 6b0:	60 e0       	ldi	r22, 0x00	; 0
 6b2:	71 e0       	ldi	r23, 0x01	; 1
 6b4:	81 e0       	ldi	r24, 0x01	; 1
 6b6:	0e 94 fe 02 	call	0x5fc	; 0x5fc <nokia_lcd_custom>
 6ba:	62 e0       	ldi	r22, 0x02	; 2
 6bc:	8c e0       	ldi	r24, 0x0C	; 12
 6be:	91 e0       	ldi	r25, 0x01	; 1
 6c0:	0e 94 08 03 	call	0x610	; 0x610 <nokia_lcd_write_string>
 6c4:	60 e1       	ldi	r22, 0x10	; 16
 6c6:	80 e0       	ldi	r24, 0x00	; 0
 6c8:	0e 94 18 03 	call	0x630	; 0x630 <nokia_lcd_set_cursor>
 6cc:	61 e0       	ldi	r22, 0x01	; 1
 6ce:	82 e1       	ldi	r24, 0x12	; 18
 6d0:	91 e0       	ldi	r25, 0x01	; 1
 6d2:	0e 94 08 03 	call	0x610	; 0x610 <nokia_lcd_write_string>
 6d6:	0e 94 1d 03 	call	0x63a	; 0x63a <nokia_lcd_render>
 6da:	c6 01       	movw	r24, r12
 6dc:	0e 94 80 04 	call	0x900	; 0x900 <srand>
 6e0:	00 e0       	ldi	r16, 0x00	; 0
 6e2:	10 e0       	ldi	r17, 0x00	; 0
 6e4:	82 e0       	ldi	r24, 0x02	; 2
 6e6:	e8 2e       	mov	r14, r24
 6e8:	f1 2c       	mov	r15, r1
 6ea:	8f e9       	ldi	r24, 0x9F	; 159
 6ec:	9f e0       	ldi	r25, 0x0F	; 15
 6ee:	01 97       	sbiw	r24, 0x01	; 1
 6f0:	f1 f7       	brne	.-4      	; 0x6ee <main+0x64>
 6f2:	00 c0       	rjmp	.+0      	; 0x6f4 <main+0x6a>
 6f4:	00 00       	nop
 6f6:	01 15       	cp	r16, r1
 6f8:	11 05       	cpc	r17, r1
 6fa:	e1 f4       	brne	.+56     	; 0x734 <main+0xaa>
 6fc:	48 9b       	sbis	0x09, 0	; 9
 6fe:	13 c0       	rjmp	.+38     	; 0x726 <main+0x9c>
 700:	f0 92 59 01 	sts	0x0159, r15	; 0x800159 <__data_end+0x1f>
 704:	e0 92 58 01 	sts	0x0158, r14	; 0x800158 <__data_end+0x1e>
 708:	f0 92 49 01 	sts	0x0149, r15	; 0x800149 <__data_end+0xf>
 70c:	e0 92 48 01 	sts	0x0148, r14	; 0x800148 <__data_end+0xe>
 710:	48 9b       	sbis	0x09, 0	; 9
 712:	07 c0       	rjmp	.+14     	; 0x722 <main+0x98>
 714:	8f e9       	ldi	r24, 0x9F	; 159
 716:	9f e0       	ldi	r25, 0x0F	; 15
 718:	01 97       	sbiw	r24, 0x01	; 1
 71a:	f1 f7       	brne	.-4      	; 0x718 <main+0x8e>
 71c:	00 c0       	rjmp	.+0      	; 0x71e <main+0x94>
 71e:	00 00       	nop
 720:	f7 cf       	rjmp	.-18     	; 0x710 <main+0x86>
 722:	01 e0       	ldi	r16, 0x01	; 1
 724:	10 e0       	ldi	r17, 0x00	; 0
 726:	8f e9       	ldi	r24, 0x9F	; 159
 728:	9f e0       	ldi	r25, 0x0F	; 15
 72a:	01 97       	sbiw	r24, 0x01	; 1
 72c:	f1 f7       	brne	.-4      	; 0x72a <main+0xa0>
 72e:	00 c0       	rjmp	.+0      	; 0x730 <main+0xa6>
 730:	00 00       	nop
 732:	21 96       	adiw	r28, 0x01	; 1
 734:	ce 01       	movw	r24, r28
 736:	0e 94 80 04 	call	0x900	; 0x900 <srand>
 73a:	01 15       	cp	r16, r1
 73c:	11 05       	cpc	r17, r1
 73e:	a9 f2       	breq	.-86     	; 0x6ea <main+0x60>
 740:	0e 94 6c 01 	call	0x2d8	; 0x2d8 <printMatrix>
 744:	48 99       	sbic	0x09, 0	; 9
 746:	09 c0       	rjmp	.+18     	; 0x75a <main+0xd0>
 748:	8f e9       	ldi	r24, 0x9F	; 159
 74a:	9f e0       	ldi	r25, 0x0F	; 15
 74c:	01 97       	sbiw	r24, 0x01	; 1
 74e:	f1 f7       	brne	.-4      	; 0x74c <main+0xc2>
 750:	00 c0       	rjmp	.+0      	; 0x752 <main+0xc8>
 752:	00 00       	nop
 754:	0e 94 6c 01 	call	0x2d8	; 0x2d8 <printMatrix>
 758:	c8 cf       	rjmp	.-112    	; 0x6ea <main+0x60>
 75a:	8a e3       	ldi	r24, 0x3A	; 58
 75c:	91 e0       	ldi	r25, 0x01	; 1
 75e:	20 e0       	ldi	r18, 0x00	; 0
 760:	30 e0       	ldi	r19, 0x00	; 0
 762:	dc 01       	movw	r26, r24
 764:	60 e0       	ldi	r22, 0x00	; 0
 766:	70 e0       	ldi	r23, 0x00	; 0
 768:	40 e0       	ldi	r20, 0x00	; 0
 76a:	50 e0       	ldi	r21, 0x00	; 0
 76c:	cd 90       	ld	r12, X+
 76e:	dc 90       	ld	r13, X
 770:	11 97       	sbiw	r26, 0x01	; 1
 772:	c1 14       	cp	r12, r1
 774:	d1 04       	cpc	r13, r1
 776:	91 f0       	breq	.+36     	; 0x79c <main+0x112>
 778:	11 96       	adiw	r26, 0x01	; 1
 77a:	1c 92       	st	X, r1
 77c:	1e 92       	st	-X, r1
 77e:	fa 01       	movw	r30, r20
 780:	ee 0f       	add	r30, r30
 782:	ff 1f       	adc	r31, r31
 784:	ee 0f       	add	r30, r30
 786:	ff 1f       	adc	r31, r31
 788:	e2 0f       	add	r30, r18
 78a:	f3 1f       	adc	r31, r19
 78c:	ee 0f       	add	r30, r30
 78e:	ff 1f       	adc	r31, r31
 790:	e6 5c       	subi	r30, 0xC6	; 198
 792:	fe 4f       	sbci	r31, 0xFE	; 254
 794:	d1 82       	std	Z+1, r13	; 0x01
 796:	c0 82       	st	Z, r12
 798:	4f 5f       	subi	r20, 0xFF	; 255
 79a:	5f 4f       	sbci	r21, 0xFF	; 255
 79c:	6f 5f       	subi	r22, 0xFF	; 255
 79e:	7f 4f       	sbci	r23, 0xFF	; 255
 7a0:	18 96       	adiw	r26, 0x08	; 8
 7a2:	64 30       	cpi	r22, 0x04	; 4
 7a4:	71 05       	cpc	r23, r1
 7a6:	11 f7       	brne	.-60     	; 0x76c <main+0xe2>
 7a8:	fc 01       	movw	r30, r24
 7aa:	63 e0       	ldi	r22, 0x03	; 3
 7ac:	70 e0       	ldi	r23, 0x00	; 0
 7ae:	40 81       	ld	r20, Z
 7b0:	51 81       	ldd	r21, Z+1	; 0x01
 7b2:	a0 85       	ldd	r26, Z+8	; 0x08
 7b4:	b1 85       	ldd	r27, Z+9	; 0x09
 7b6:	4a 17       	cp	r20, r26
 7b8:	5b 07       	cpc	r21, r27
 7ba:	31 f4       	brne	.+12     	; 0x7c8 <main+0x13e>
 7bc:	44 0f       	add	r20, r20
 7be:	55 1f       	adc	r21, r21
 7c0:	51 83       	std	Z+1, r21	; 0x01
 7c2:	40 83       	st	Z, r20
 7c4:	11 86       	std	Z+9, r1	; 0x09
 7c6:	10 86       	std	Z+8, r1	; 0x08
 7c8:	61 50       	subi	r22, 0x01	; 1
 7ca:	71 09       	sbc	r23, r1
 7cc:	38 96       	adiw	r30, 0x08	; 8
 7ce:	61 15       	cp	r22, r1
 7d0:	71 05       	cpc	r23, r1
 7d2:	69 f7       	brne	.-38     	; 0x7ae <main+0x124>
 7d4:	2f 5f       	subi	r18, 0xFF	; 255
 7d6:	3f 4f       	sbci	r19, 0xFF	; 255
 7d8:	02 96       	adiw	r24, 0x02	; 2
 7da:	24 30       	cpi	r18, 0x04	; 4
 7dc:	31 05       	cpc	r19, r1
 7de:	09 f6       	brne	.-126    	; 0x762 <main+0xd8>
 7e0:	0e 94 43 01 	call	0x286	; 0x286 <addItemToMatrix>
 7e4:	48 9b       	sbis	0x09, 0	; 9
 7e6:	b0 cf       	rjmp	.-160    	; 0x748 <main+0xbe>
 7e8:	8f e9       	ldi	r24, 0x9F	; 159
 7ea:	9f e0       	ldi	r25, 0x0F	; 15
 7ec:	01 97       	sbiw	r24, 0x01	; 1
 7ee:	f1 f7       	brne	.-4      	; 0x7ec <main+0x162>
 7f0:	00 c0       	rjmp	.+0      	; 0x7f2 <main+0x168>
 7f2:	00 00       	nop
 7f4:	f7 cf       	rjmp	.-18     	; 0x7e4 <main+0x15a>

000007f6 <__udivmodqi4>:
 7f6:	99 1b       	sub	r25, r25
 7f8:	79 e0       	ldi	r23, 0x09	; 9
 7fa:	04 c0       	rjmp	.+8      	; 0x804 <__udivmodqi4_ep>

000007fc <__udivmodqi4_loop>:
 7fc:	99 1f       	adc	r25, r25
 7fe:	96 17       	cp	r25, r22
 800:	08 f0       	brcs	.+2      	; 0x804 <__udivmodqi4_ep>
 802:	96 1b       	sub	r25, r22

00000804 <__udivmodqi4_ep>:
 804:	88 1f       	adc	r24, r24
 806:	7a 95       	dec	r23
 808:	c9 f7       	brne	.-14     	; 0x7fc <__udivmodqi4_loop>
 80a:	80 95       	com	r24
 80c:	08 95       	ret

0000080e <__divmodhi4>:
 80e:	97 fb       	bst	r25, 7
 810:	07 2e       	mov	r0, r23
 812:	16 f4       	brtc	.+4      	; 0x818 <__divmodhi4+0xa>
 814:	00 94       	com	r0
 816:	07 d0       	rcall	.+14     	; 0x826 <__divmodhi4_neg1>
 818:	77 fd       	sbrc	r23, 7
 81a:	09 d0       	rcall	.+18     	; 0x82e <__divmodhi4_neg2>
 81c:	0e 94 1b 04 	call	0x836	; 0x836 <__udivmodhi4>
 820:	07 fc       	sbrc	r0, 7
 822:	05 d0       	rcall	.+10     	; 0x82e <__divmodhi4_neg2>
 824:	3e f4       	brtc	.+14     	; 0x834 <__divmodhi4_exit>

00000826 <__divmodhi4_neg1>:
 826:	90 95       	com	r25
 828:	81 95       	neg	r24
 82a:	9f 4f       	sbci	r25, 0xFF	; 255
 82c:	08 95       	ret

0000082e <__divmodhi4_neg2>:
 82e:	70 95       	com	r23
 830:	61 95       	neg	r22
 832:	7f 4f       	sbci	r23, 0xFF	; 255

00000834 <__divmodhi4_exit>:
 834:	08 95       	ret

00000836 <__udivmodhi4>:
 836:	aa 1b       	sub	r26, r26
 838:	bb 1b       	sub	r27, r27
 83a:	51 e1       	ldi	r21, 0x11	; 17
 83c:	07 c0       	rjmp	.+14     	; 0x84c <__udivmodhi4_ep>

0000083e <__udivmodhi4_loop>:
 83e:	aa 1f       	adc	r26, r26
 840:	bb 1f       	adc	r27, r27
 842:	a6 17       	cp	r26, r22
 844:	b7 07       	cpc	r27, r23
 846:	10 f0       	brcs	.+4      	; 0x84c <__udivmodhi4_ep>
 848:	a6 1b       	sub	r26, r22
 84a:	b7 0b       	sbc	r27, r23

0000084c <__udivmodhi4_ep>:
 84c:	88 1f       	adc	r24, r24
 84e:	99 1f       	adc	r25, r25
 850:	5a 95       	dec	r21
 852:	a9 f7       	brne	.-22     	; 0x83e <__udivmodhi4_loop>
 854:	80 95       	com	r24
 856:	90 95       	com	r25
 858:	bc 01       	movw	r22, r24
 85a:	cd 01       	movw	r24, r26
 85c:	08 95       	ret

0000085e <do_rand>:
 85e:	8f 92       	push	r8
 860:	9f 92       	push	r9
 862:	af 92       	push	r10
 864:	bf 92       	push	r11
 866:	cf 92       	push	r12
 868:	df 92       	push	r13
 86a:	ef 92       	push	r14
 86c:	ff 92       	push	r15
 86e:	cf 93       	push	r28
 870:	df 93       	push	r29
 872:	ec 01       	movw	r28, r24
 874:	68 81       	ld	r22, Y
 876:	79 81       	ldd	r23, Y+1	; 0x01
 878:	8a 81       	ldd	r24, Y+2	; 0x02
 87a:	9b 81       	ldd	r25, Y+3	; 0x03
 87c:	61 15       	cp	r22, r1
 87e:	71 05       	cpc	r23, r1
 880:	81 05       	cpc	r24, r1
 882:	91 05       	cpc	r25, r1
 884:	21 f4       	brne	.+8      	; 0x88e <do_rand+0x30>
 886:	64 e2       	ldi	r22, 0x24	; 36
 888:	79 ed       	ldi	r23, 0xD9	; 217
 88a:	8b e5       	ldi	r24, 0x5B	; 91
 88c:	97 e0       	ldi	r25, 0x07	; 7
 88e:	2d e1       	ldi	r18, 0x1D	; 29
 890:	33 ef       	ldi	r19, 0xF3	; 243
 892:	41 e0       	ldi	r20, 0x01	; 1
 894:	50 e0       	ldi	r21, 0x00	; 0
 896:	0e 94 47 07 	call	0xe8e	; 0xe8e <__divmodsi4>
 89a:	49 01       	movw	r8, r18
 89c:	5a 01       	movw	r10, r20
 89e:	9b 01       	movw	r18, r22
 8a0:	ac 01       	movw	r20, r24
 8a2:	a7 ea       	ldi	r26, 0xA7	; 167
 8a4:	b1 e4       	ldi	r27, 0x41	; 65
 8a6:	0e 94 66 07 	call	0xecc	; 0xecc <__muluhisi3>
 8aa:	6b 01       	movw	r12, r22
 8ac:	7c 01       	movw	r14, r24
 8ae:	ac ee       	ldi	r26, 0xEC	; 236
 8b0:	b4 ef       	ldi	r27, 0xF4	; 244
 8b2:	a5 01       	movw	r20, r10
 8b4:	94 01       	movw	r18, r8
 8b6:	0e 94 74 07 	call	0xee8	; 0xee8 <__mulohisi3>
 8ba:	dc 01       	movw	r26, r24
 8bc:	cb 01       	movw	r24, r22
 8be:	8c 0d       	add	r24, r12
 8c0:	9d 1d       	adc	r25, r13
 8c2:	ae 1d       	adc	r26, r14
 8c4:	bf 1d       	adc	r27, r15
 8c6:	b7 ff       	sbrs	r27, 7
 8c8:	03 c0       	rjmp	.+6      	; 0x8d0 <do_rand+0x72>
 8ca:	01 97       	sbiw	r24, 0x01	; 1
 8cc:	a1 09       	sbc	r26, r1
 8ce:	b0 48       	sbci	r27, 0x80	; 128
 8d0:	88 83       	st	Y, r24
 8d2:	99 83       	std	Y+1, r25	; 0x01
 8d4:	aa 83       	std	Y+2, r26	; 0x02
 8d6:	bb 83       	std	Y+3, r27	; 0x03
 8d8:	9f 77       	andi	r25, 0x7F	; 127
 8da:	df 91       	pop	r29
 8dc:	cf 91       	pop	r28
 8de:	ff 90       	pop	r15
 8e0:	ef 90       	pop	r14
 8e2:	df 90       	pop	r13
 8e4:	cf 90       	pop	r12
 8e6:	bf 90       	pop	r11
 8e8:	af 90       	pop	r10
 8ea:	9f 90       	pop	r9
 8ec:	8f 90       	pop	r8
 8ee:	08 95       	ret

000008f0 <rand_r>:
 8f0:	0e 94 2f 04 	call	0x85e	; 0x85e <do_rand>
 8f4:	08 95       	ret

000008f6 <rand>:
 8f6:	85 e0       	ldi	r24, 0x05	; 5
 8f8:	91 e0       	ldi	r25, 0x01	; 1
 8fa:	0e 94 2f 04 	call	0x85e	; 0x85e <do_rand>
 8fe:	08 95       	ret

00000900 <srand>:
 900:	a0 e0       	ldi	r26, 0x00	; 0
 902:	b0 e0       	ldi	r27, 0x00	; 0
 904:	80 93 05 01 	sts	0x0105, r24	; 0x800105 <next>
 908:	90 93 06 01 	sts	0x0106, r25	; 0x800106 <next+0x1>
 90c:	a0 93 07 01 	sts	0x0107, r26	; 0x800107 <next+0x2>
 910:	b0 93 08 01 	sts	0x0108, r27	; 0x800108 <next+0x3>
 914:	08 95       	ret

00000916 <memcpy_P>:
 916:	fb 01       	movw	r30, r22
 918:	dc 01       	movw	r26, r24
 91a:	02 c0       	rjmp	.+4      	; 0x920 <memcpy_P+0xa>
 91c:	05 90       	lpm	r0, Z+
 91e:	0d 92       	st	X+, r0
 920:	41 50       	subi	r20, 0x01	; 1
 922:	50 40       	sbci	r21, 0x00	; 0
 924:	d8 f7       	brcc	.-10     	; 0x91c <memcpy_P+0x6>
 926:	08 95       	ret

00000928 <sprintf>:
 928:	ae e0       	ldi	r26, 0x0E	; 14
 92a:	b0 e0       	ldi	r27, 0x00	; 0
 92c:	ea e9       	ldi	r30, 0x9A	; 154
 92e:	f4 e0       	ldi	r31, 0x04	; 4
 930:	0c 94 87 07 	jmp	0xf0e	; 0xf0e <__prologue_saves__+0x1c>
 934:	0d 89       	ldd	r16, Y+21	; 0x15
 936:	1e 89       	ldd	r17, Y+22	; 0x16
 938:	86 e0       	ldi	r24, 0x06	; 6
 93a:	8c 83       	std	Y+4, r24	; 0x04
 93c:	1a 83       	std	Y+2, r17	; 0x02
 93e:	09 83       	std	Y+1, r16	; 0x01
 940:	8f ef       	ldi	r24, 0xFF	; 255
 942:	9f e7       	ldi	r25, 0x7F	; 127
 944:	9e 83       	std	Y+6, r25	; 0x06
 946:	8d 83       	std	Y+5, r24	; 0x05
 948:	ae 01       	movw	r20, r28
 94a:	47 5e       	subi	r20, 0xE7	; 231
 94c:	5f 4f       	sbci	r21, 0xFF	; 255
 94e:	6f 89       	ldd	r22, Y+23	; 0x17
 950:	78 8d       	ldd	r23, Y+24	; 0x18
 952:	ce 01       	movw	r24, r28
 954:	01 96       	adiw	r24, 0x01	; 1
 956:	0e 94 b6 04 	call	0x96c	; 0x96c <vfprintf>
 95a:	ef 81       	ldd	r30, Y+7	; 0x07
 95c:	f8 85       	ldd	r31, Y+8	; 0x08
 95e:	e0 0f       	add	r30, r16
 960:	f1 1f       	adc	r31, r17
 962:	10 82       	st	Z, r1
 964:	2e 96       	adiw	r28, 0x0e	; 14
 966:	e4 e0       	ldi	r30, 0x04	; 4
 968:	0c 94 a3 07 	jmp	0xf46	; 0xf46 <__epilogue_restores__+0x1c>

0000096c <vfprintf>:
 96c:	ab e0       	ldi	r26, 0x0B	; 11
 96e:	b0 e0       	ldi	r27, 0x00	; 0
 970:	ec eb       	ldi	r30, 0xBC	; 188
 972:	f4 e0       	ldi	r31, 0x04	; 4
 974:	0c 94 79 07 	jmp	0xef2	; 0xef2 <__prologue_saves__>
 978:	6c 01       	movw	r12, r24
 97a:	7b 01       	movw	r14, r22
 97c:	8a 01       	movw	r16, r20
 97e:	fc 01       	movw	r30, r24
 980:	17 82       	std	Z+7, r1	; 0x07
 982:	16 82       	std	Z+6, r1	; 0x06
 984:	83 81       	ldd	r24, Z+3	; 0x03
 986:	81 ff       	sbrs	r24, 1
 988:	cc c1       	rjmp	.+920    	; 0xd22 <vfprintf+0x3b6>
 98a:	ce 01       	movw	r24, r28
 98c:	01 96       	adiw	r24, 0x01	; 1
 98e:	3c 01       	movw	r6, r24
 990:	f6 01       	movw	r30, r12
 992:	93 81       	ldd	r25, Z+3	; 0x03
 994:	f7 01       	movw	r30, r14
 996:	93 fd       	sbrc	r25, 3
 998:	85 91       	lpm	r24, Z+
 99a:	93 ff       	sbrs	r25, 3
 99c:	81 91       	ld	r24, Z+
 99e:	7f 01       	movw	r14, r30
 9a0:	88 23       	and	r24, r24
 9a2:	09 f4       	brne	.+2      	; 0x9a6 <vfprintf+0x3a>
 9a4:	ba c1       	rjmp	.+884    	; 0xd1a <vfprintf+0x3ae>
 9a6:	85 32       	cpi	r24, 0x25	; 37
 9a8:	39 f4       	brne	.+14     	; 0x9b8 <vfprintf+0x4c>
 9aa:	93 fd       	sbrc	r25, 3
 9ac:	85 91       	lpm	r24, Z+
 9ae:	93 ff       	sbrs	r25, 3
 9b0:	81 91       	ld	r24, Z+
 9b2:	7f 01       	movw	r14, r30
 9b4:	85 32       	cpi	r24, 0x25	; 37
 9b6:	29 f4       	brne	.+10     	; 0x9c2 <vfprintf+0x56>
 9b8:	b6 01       	movw	r22, r12
 9ba:	90 e0       	ldi	r25, 0x00	; 0
 9bc:	0e 94 ad 06 	call	0xd5a	; 0xd5a <fputc>
 9c0:	e7 cf       	rjmp	.-50     	; 0x990 <vfprintf+0x24>
 9c2:	91 2c       	mov	r9, r1
 9c4:	21 2c       	mov	r2, r1
 9c6:	31 2c       	mov	r3, r1
 9c8:	ff e1       	ldi	r31, 0x1F	; 31
 9ca:	f3 15       	cp	r31, r3
 9cc:	d8 f0       	brcs	.+54     	; 0xa04 <vfprintf+0x98>
 9ce:	8b 32       	cpi	r24, 0x2B	; 43
 9d0:	79 f0       	breq	.+30     	; 0x9f0 <vfprintf+0x84>
 9d2:	38 f4       	brcc	.+14     	; 0x9e2 <vfprintf+0x76>
 9d4:	80 32       	cpi	r24, 0x20	; 32
 9d6:	79 f0       	breq	.+30     	; 0x9f6 <vfprintf+0x8a>
 9d8:	83 32       	cpi	r24, 0x23	; 35
 9da:	a1 f4       	brne	.+40     	; 0xa04 <vfprintf+0x98>
 9dc:	23 2d       	mov	r18, r3
 9de:	20 61       	ori	r18, 0x10	; 16
 9e0:	1d c0       	rjmp	.+58     	; 0xa1c <vfprintf+0xb0>
 9e2:	8d 32       	cpi	r24, 0x2D	; 45
 9e4:	61 f0       	breq	.+24     	; 0x9fe <vfprintf+0x92>
 9e6:	80 33       	cpi	r24, 0x30	; 48
 9e8:	69 f4       	brne	.+26     	; 0xa04 <vfprintf+0x98>
 9ea:	23 2d       	mov	r18, r3
 9ec:	21 60       	ori	r18, 0x01	; 1
 9ee:	16 c0       	rjmp	.+44     	; 0xa1c <vfprintf+0xb0>
 9f0:	83 2d       	mov	r24, r3
 9f2:	82 60       	ori	r24, 0x02	; 2
 9f4:	38 2e       	mov	r3, r24
 9f6:	e3 2d       	mov	r30, r3
 9f8:	e4 60       	ori	r30, 0x04	; 4
 9fa:	3e 2e       	mov	r3, r30
 9fc:	2a c0       	rjmp	.+84     	; 0xa52 <vfprintf+0xe6>
 9fe:	f3 2d       	mov	r31, r3
 a00:	f8 60       	ori	r31, 0x08	; 8
 a02:	1d c0       	rjmp	.+58     	; 0xa3e <vfprintf+0xd2>
 a04:	37 fc       	sbrc	r3, 7
 a06:	2d c0       	rjmp	.+90     	; 0xa62 <vfprintf+0xf6>
 a08:	20 ed       	ldi	r18, 0xD0	; 208
 a0a:	28 0f       	add	r18, r24
 a0c:	2a 30       	cpi	r18, 0x0A	; 10
 a0e:	40 f0       	brcs	.+16     	; 0xa20 <vfprintf+0xb4>
 a10:	8e 32       	cpi	r24, 0x2E	; 46
 a12:	b9 f4       	brne	.+46     	; 0xa42 <vfprintf+0xd6>
 a14:	36 fc       	sbrc	r3, 6
 a16:	81 c1       	rjmp	.+770    	; 0xd1a <vfprintf+0x3ae>
 a18:	23 2d       	mov	r18, r3
 a1a:	20 64       	ori	r18, 0x40	; 64
 a1c:	32 2e       	mov	r3, r18
 a1e:	19 c0       	rjmp	.+50     	; 0xa52 <vfprintf+0xe6>
 a20:	36 fe       	sbrs	r3, 6
 a22:	06 c0       	rjmp	.+12     	; 0xa30 <vfprintf+0xc4>
 a24:	8a e0       	ldi	r24, 0x0A	; 10
 a26:	98 9e       	mul	r9, r24
 a28:	20 0d       	add	r18, r0
 a2a:	11 24       	eor	r1, r1
 a2c:	92 2e       	mov	r9, r18
 a2e:	11 c0       	rjmp	.+34     	; 0xa52 <vfprintf+0xe6>
 a30:	ea e0       	ldi	r30, 0x0A	; 10
 a32:	2e 9e       	mul	r2, r30
 a34:	20 0d       	add	r18, r0
 a36:	11 24       	eor	r1, r1
 a38:	22 2e       	mov	r2, r18
 a3a:	f3 2d       	mov	r31, r3
 a3c:	f0 62       	ori	r31, 0x20	; 32
 a3e:	3f 2e       	mov	r3, r31
 a40:	08 c0       	rjmp	.+16     	; 0xa52 <vfprintf+0xe6>
 a42:	8c 36       	cpi	r24, 0x6C	; 108
 a44:	21 f4       	brne	.+8      	; 0xa4e <vfprintf+0xe2>
 a46:	83 2d       	mov	r24, r3
 a48:	80 68       	ori	r24, 0x80	; 128
 a4a:	38 2e       	mov	r3, r24
 a4c:	02 c0       	rjmp	.+4      	; 0xa52 <vfprintf+0xe6>
 a4e:	88 36       	cpi	r24, 0x68	; 104
 a50:	41 f4       	brne	.+16     	; 0xa62 <vfprintf+0xf6>
 a52:	f7 01       	movw	r30, r14
 a54:	93 fd       	sbrc	r25, 3
 a56:	85 91       	lpm	r24, Z+
 a58:	93 ff       	sbrs	r25, 3
 a5a:	81 91       	ld	r24, Z+
 a5c:	7f 01       	movw	r14, r30
 a5e:	81 11       	cpse	r24, r1
 a60:	b3 cf       	rjmp	.-154    	; 0x9c8 <vfprintf+0x5c>
 a62:	98 2f       	mov	r25, r24
 a64:	9f 7d       	andi	r25, 0xDF	; 223
 a66:	95 54       	subi	r25, 0x45	; 69
 a68:	93 30       	cpi	r25, 0x03	; 3
 a6a:	28 f4       	brcc	.+10     	; 0xa76 <vfprintf+0x10a>
 a6c:	0c 5f       	subi	r16, 0xFC	; 252
 a6e:	1f 4f       	sbci	r17, 0xFF	; 255
 a70:	9f e3       	ldi	r25, 0x3F	; 63
 a72:	99 83       	std	Y+1, r25	; 0x01
 a74:	0d c0       	rjmp	.+26     	; 0xa90 <vfprintf+0x124>
 a76:	83 36       	cpi	r24, 0x63	; 99
 a78:	31 f0       	breq	.+12     	; 0xa86 <vfprintf+0x11a>
 a7a:	83 37       	cpi	r24, 0x73	; 115
 a7c:	71 f0       	breq	.+28     	; 0xa9a <vfprintf+0x12e>
 a7e:	83 35       	cpi	r24, 0x53	; 83
 a80:	09 f0       	breq	.+2      	; 0xa84 <vfprintf+0x118>
 a82:	59 c0       	rjmp	.+178    	; 0xb36 <vfprintf+0x1ca>
 a84:	21 c0       	rjmp	.+66     	; 0xac8 <vfprintf+0x15c>
 a86:	f8 01       	movw	r30, r16
 a88:	80 81       	ld	r24, Z
 a8a:	89 83       	std	Y+1, r24	; 0x01
 a8c:	0e 5f       	subi	r16, 0xFE	; 254
 a8e:	1f 4f       	sbci	r17, 0xFF	; 255
 a90:	88 24       	eor	r8, r8
 a92:	83 94       	inc	r8
 a94:	91 2c       	mov	r9, r1
 a96:	53 01       	movw	r10, r6
 a98:	13 c0       	rjmp	.+38     	; 0xac0 <vfprintf+0x154>
 a9a:	28 01       	movw	r4, r16
 a9c:	f2 e0       	ldi	r31, 0x02	; 2
 a9e:	4f 0e       	add	r4, r31
 aa0:	51 1c       	adc	r5, r1
 aa2:	f8 01       	movw	r30, r16
 aa4:	a0 80       	ld	r10, Z
 aa6:	b1 80       	ldd	r11, Z+1	; 0x01
 aa8:	36 fe       	sbrs	r3, 6
 aaa:	03 c0       	rjmp	.+6      	; 0xab2 <vfprintf+0x146>
 aac:	69 2d       	mov	r22, r9
 aae:	70 e0       	ldi	r23, 0x00	; 0
 ab0:	02 c0       	rjmp	.+4      	; 0xab6 <vfprintf+0x14a>
 ab2:	6f ef       	ldi	r22, 0xFF	; 255
 ab4:	7f ef       	ldi	r23, 0xFF	; 255
 ab6:	c5 01       	movw	r24, r10
 ab8:	0e 94 a2 06 	call	0xd44	; 0xd44 <strnlen>
 abc:	4c 01       	movw	r8, r24
 abe:	82 01       	movw	r16, r4
 ac0:	f3 2d       	mov	r31, r3
 ac2:	ff 77       	andi	r31, 0x7F	; 127
 ac4:	3f 2e       	mov	r3, r31
 ac6:	16 c0       	rjmp	.+44     	; 0xaf4 <vfprintf+0x188>
 ac8:	28 01       	movw	r4, r16
 aca:	22 e0       	ldi	r18, 0x02	; 2
 acc:	42 0e       	add	r4, r18
 ace:	51 1c       	adc	r5, r1
 ad0:	f8 01       	movw	r30, r16
 ad2:	a0 80       	ld	r10, Z
 ad4:	b1 80       	ldd	r11, Z+1	; 0x01
 ad6:	36 fe       	sbrs	r3, 6
 ad8:	03 c0       	rjmp	.+6      	; 0xae0 <vfprintf+0x174>
 ada:	69 2d       	mov	r22, r9
 adc:	70 e0       	ldi	r23, 0x00	; 0
 ade:	02 c0       	rjmp	.+4      	; 0xae4 <vfprintf+0x178>
 ae0:	6f ef       	ldi	r22, 0xFF	; 255
 ae2:	7f ef       	ldi	r23, 0xFF	; 255
 ae4:	c5 01       	movw	r24, r10
 ae6:	0e 94 97 06 	call	0xd2e	; 0xd2e <strnlen_P>
 aea:	4c 01       	movw	r8, r24
 aec:	f3 2d       	mov	r31, r3
 aee:	f0 68       	ori	r31, 0x80	; 128
 af0:	3f 2e       	mov	r3, r31
 af2:	82 01       	movw	r16, r4
 af4:	33 fc       	sbrc	r3, 3
 af6:	1b c0       	rjmp	.+54     	; 0xb2e <vfprintf+0x1c2>
 af8:	82 2d       	mov	r24, r2
 afa:	90 e0       	ldi	r25, 0x00	; 0
 afc:	88 16       	cp	r8, r24
 afe:	99 06       	cpc	r9, r25
 b00:	b0 f4       	brcc	.+44     	; 0xb2e <vfprintf+0x1c2>
 b02:	b6 01       	movw	r22, r12
 b04:	80 e2       	ldi	r24, 0x20	; 32
 b06:	90 e0       	ldi	r25, 0x00	; 0
 b08:	0e 94 ad 06 	call	0xd5a	; 0xd5a <fputc>
 b0c:	2a 94       	dec	r2
 b0e:	f4 cf       	rjmp	.-24     	; 0xaf8 <vfprintf+0x18c>
 b10:	f5 01       	movw	r30, r10
 b12:	37 fc       	sbrc	r3, 7
 b14:	85 91       	lpm	r24, Z+
 b16:	37 fe       	sbrs	r3, 7
 b18:	81 91       	ld	r24, Z+
 b1a:	5f 01       	movw	r10, r30
 b1c:	b6 01       	movw	r22, r12
 b1e:	90 e0       	ldi	r25, 0x00	; 0
 b20:	0e 94 ad 06 	call	0xd5a	; 0xd5a <fputc>
 b24:	21 10       	cpse	r2, r1
 b26:	2a 94       	dec	r2
 b28:	21 e0       	ldi	r18, 0x01	; 1
 b2a:	82 1a       	sub	r8, r18
 b2c:	91 08       	sbc	r9, r1
 b2e:	81 14       	cp	r8, r1
 b30:	91 04       	cpc	r9, r1
 b32:	71 f7       	brne	.-36     	; 0xb10 <vfprintf+0x1a4>
 b34:	e8 c0       	rjmp	.+464    	; 0xd06 <vfprintf+0x39a>
 b36:	84 36       	cpi	r24, 0x64	; 100
 b38:	11 f0       	breq	.+4      	; 0xb3e <vfprintf+0x1d2>
 b3a:	89 36       	cpi	r24, 0x69	; 105
 b3c:	41 f5       	brne	.+80     	; 0xb8e <vfprintf+0x222>
 b3e:	f8 01       	movw	r30, r16
 b40:	37 fe       	sbrs	r3, 7
 b42:	07 c0       	rjmp	.+14     	; 0xb52 <vfprintf+0x1e6>
 b44:	60 81       	ld	r22, Z
 b46:	71 81       	ldd	r23, Z+1	; 0x01
 b48:	82 81       	ldd	r24, Z+2	; 0x02
 b4a:	93 81       	ldd	r25, Z+3	; 0x03
 b4c:	0c 5f       	subi	r16, 0xFC	; 252
 b4e:	1f 4f       	sbci	r17, 0xFF	; 255
 b50:	08 c0       	rjmp	.+16     	; 0xb62 <vfprintf+0x1f6>
 b52:	60 81       	ld	r22, Z
 b54:	71 81       	ldd	r23, Z+1	; 0x01
 b56:	07 2e       	mov	r0, r23
 b58:	00 0c       	add	r0, r0
 b5a:	88 0b       	sbc	r24, r24
 b5c:	99 0b       	sbc	r25, r25
 b5e:	0e 5f       	subi	r16, 0xFE	; 254
 b60:	1f 4f       	sbci	r17, 0xFF	; 255
 b62:	f3 2d       	mov	r31, r3
 b64:	ff 76       	andi	r31, 0x6F	; 111
 b66:	3f 2e       	mov	r3, r31
 b68:	97 ff       	sbrs	r25, 7
 b6a:	09 c0       	rjmp	.+18     	; 0xb7e <vfprintf+0x212>
 b6c:	90 95       	com	r25
 b6e:	80 95       	com	r24
 b70:	70 95       	com	r23
 b72:	61 95       	neg	r22
 b74:	7f 4f       	sbci	r23, 0xFF	; 255
 b76:	8f 4f       	sbci	r24, 0xFF	; 255
 b78:	9f 4f       	sbci	r25, 0xFF	; 255
 b7a:	f0 68       	ori	r31, 0x80	; 128
 b7c:	3f 2e       	mov	r3, r31
 b7e:	2a e0       	ldi	r18, 0x0A	; 10
 b80:	30 e0       	ldi	r19, 0x00	; 0
 b82:	a3 01       	movw	r20, r6
 b84:	0e 94 e9 06 	call	0xdd2	; 0xdd2 <__ultoa_invert>
 b88:	88 2e       	mov	r8, r24
 b8a:	86 18       	sub	r8, r6
 b8c:	45 c0       	rjmp	.+138    	; 0xc18 <vfprintf+0x2ac>
 b8e:	85 37       	cpi	r24, 0x75	; 117
 b90:	31 f4       	brne	.+12     	; 0xb9e <vfprintf+0x232>
 b92:	23 2d       	mov	r18, r3
 b94:	2f 7e       	andi	r18, 0xEF	; 239
 b96:	b2 2e       	mov	r11, r18
 b98:	2a e0       	ldi	r18, 0x0A	; 10
 b9a:	30 e0       	ldi	r19, 0x00	; 0
 b9c:	25 c0       	rjmp	.+74     	; 0xbe8 <vfprintf+0x27c>
 b9e:	93 2d       	mov	r25, r3
 ba0:	99 7f       	andi	r25, 0xF9	; 249
 ba2:	b9 2e       	mov	r11, r25
 ba4:	8f 36       	cpi	r24, 0x6F	; 111
 ba6:	c1 f0       	breq	.+48     	; 0xbd8 <vfprintf+0x26c>
 ba8:	18 f4       	brcc	.+6      	; 0xbb0 <vfprintf+0x244>
 baa:	88 35       	cpi	r24, 0x58	; 88
 bac:	79 f0       	breq	.+30     	; 0xbcc <vfprintf+0x260>
 bae:	b5 c0       	rjmp	.+362    	; 0xd1a <vfprintf+0x3ae>
 bb0:	80 37       	cpi	r24, 0x70	; 112
 bb2:	19 f0       	breq	.+6      	; 0xbba <vfprintf+0x24e>
 bb4:	88 37       	cpi	r24, 0x78	; 120
 bb6:	21 f0       	breq	.+8      	; 0xbc0 <vfprintf+0x254>
 bb8:	b0 c0       	rjmp	.+352    	; 0xd1a <vfprintf+0x3ae>
 bba:	e9 2f       	mov	r30, r25
 bbc:	e0 61       	ori	r30, 0x10	; 16
 bbe:	be 2e       	mov	r11, r30
 bc0:	b4 fe       	sbrs	r11, 4
 bc2:	0d c0       	rjmp	.+26     	; 0xbde <vfprintf+0x272>
 bc4:	fb 2d       	mov	r31, r11
 bc6:	f4 60       	ori	r31, 0x04	; 4
 bc8:	bf 2e       	mov	r11, r31
 bca:	09 c0       	rjmp	.+18     	; 0xbde <vfprintf+0x272>
 bcc:	34 fe       	sbrs	r3, 4
 bce:	0a c0       	rjmp	.+20     	; 0xbe4 <vfprintf+0x278>
 bd0:	29 2f       	mov	r18, r25
 bd2:	26 60       	ori	r18, 0x06	; 6
 bd4:	b2 2e       	mov	r11, r18
 bd6:	06 c0       	rjmp	.+12     	; 0xbe4 <vfprintf+0x278>
 bd8:	28 e0       	ldi	r18, 0x08	; 8
 bda:	30 e0       	ldi	r19, 0x00	; 0
 bdc:	05 c0       	rjmp	.+10     	; 0xbe8 <vfprintf+0x27c>
 bde:	20 e1       	ldi	r18, 0x10	; 16
 be0:	30 e0       	ldi	r19, 0x00	; 0
 be2:	02 c0       	rjmp	.+4      	; 0xbe8 <vfprintf+0x27c>
 be4:	20 e1       	ldi	r18, 0x10	; 16
 be6:	32 e0       	ldi	r19, 0x02	; 2
 be8:	f8 01       	movw	r30, r16
 bea:	b7 fe       	sbrs	r11, 7
 bec:	07 c0       	rjmp	.+14     	; 0xbfc <vfprintf+0x290>
 bee:	60 81       	ld	r22, Z
 bf0:	71 81       	ldd	r23, Z+1	; 0x01
 bf2:	82 81       	ldd	r24, Z+2	; 0x02
 bf4:	93 81       	ldd	r25, Z+3	; 0x03
 bf6:	0c 5f       	subi	r16, 0xFC	; 252
 bf8:	1f 4f       	sbci	r17, 0xFF	; 255
 bfa:	06 c0       	rjmp	.+12     	; 0xc08 <vfprintf+0x29c>
 bfc:	60 81       	ld	r22, Z
 bfe:	71 81       	ldd	r23, Z+1	; 0x01
 c00:	80 e0       	ldi	r24, 0x00	; 0
 c02:	90 e0       	ldi	r25, 0x00	; 0
 c04:	0e 5f       	subi	r16, 0xFE	; 254
 c06:	1f 4f       	sbci	r17, 0xFF	; 255
 c08:	a3 01       	movw	r20, r6
 c0a:	0e 94 e9 06 	call	0xdd2	; 0xdd2 <__ultoa_invert>
 c0e:	88 2e       	mov	r8, r24
 c10:	86 18       	sub	r8, r6
 c12:	fb 2d       	mov	r31, r11
 c14:	ff 77       	andi	r31, 0x7F	; 127
 c16:	3f 2e       	mov	r3, r31
 c18:	36 fe       	sbrs	r3, 6
 c1a:	0d c0       	rjmp	.+26     	; 0xc36 <vfprintf+0x2ca>
 c1c:	23 2d       	mov	r18, r3
 c1e:	2e 7f       	andi	r18, 0xFE	; 254
 c20:	a2 2e       	mov	r10, r18
 c22:	89 14       	cp	r8, r9
 c24:	58 f4       	brcc	.+22     	; 0xc3c <vfprintf+0x2d0>
 c26:	34 fe       	sbrs	r3, 4
 c28:	0b c0       	rjmp	.+22     	; 0xc40 <vfprintf+0x2d4>
 c2a:	32 fc       	sbrc	r3, 2
 c2c:	09 c0       	rjmp	.+18     	; 0xc40 <vfprintf+0x2d4>
 c2e:	83 2d       	mov	r24, r3
 c30:	8e 7e       	andi	r24, 0xEE	; 238
 c32:	a8 2e       	mov	r10, r24
 c34:	05 c0       	rjmp	.+10     	; 0xc40 <vfprintf+0x2d4>
 c36:	b8 2c       	mov	r11, r8
 c38:	a3 2c       	mov	r10, r3
 c3a:	03 c0       	rjmp	.+6      	; 0xc42 <vfprintf+0x2d6>
 c3c:	b8 2c       	mov	r11, r8
 c3e:	01 c0       	rjmp	.+2      	; 0xc42 <vfprintf+0x2d6>
 c40:	b9 2c       	mov	r11, r9
 c42:	a4 fe       	sbrs	r10, 4
 c44:	0f c0       	rjmp	.+30     	; 0xc64 <vfprintf+0x2f8>
 c46:	fe 01       	movw	r30, r28
 c48:	e8 0d       	add	r30, r8
 c4a:	f1 1d       	adc	r31, r1
 c4c:	80 81       	ld	r24, Z
 c4e:	80 33       	cpi	r24, 0x30	; 48
 c50:	21 f4       	brne	.+8      	; 0xc5a <vfprintf+0x2ee>
 c52:	9a 2d       	mov	r25, r10
 c54:	99 7e       	andi	r25, 0xE9	; 233
 c56:	a9 2e       	mov	r10, r25
 c58:	09 c0       	rjmp	.+18     	; 0xc6c <vfprintf+0x300>
 c5a:	a2 fe       	sbrs	r10, 2
 c5c:	06 c0       	rjmp	.+12     	; 0xc6a <vfprintf+0x2fe>
 c5e:	b3 94       	inc	r11
 c60:	b3 94       	inc	r11
 c62:	04 c0       	rjmp	.+8      	; 0xc6c <vfprintf+0x300>
 c64:	8a 2d       	mov	r24, r10
 c66:	86 78       	andi	r24, 0x86	; 134
 c68:	09 f0       	breq	.+2      	; 0xc6c <vfprintf+0x300>
 c6a:	b3 94       	inc	r11
 c6c:	a3 fc       	sbrc	r10, 3
 c6e:	11 c0       	rjmp	.+34     	; 0xc92 <vfprintf+0x326>
 c70:	a0 fe       	sbrs	r10, 0
 c72:	06 c0       	rjmp	.+12     	; 0xc80 <vfprintf+0x314>
 c74:	b2 14       	cp	r11, r2
 c76:	88 f4       	brcc	.+34     	; 0xc9a <vfprintf+0x32e>
 c78:	28 0c       	add	r2, r8
 c7a:	92 2c       	mov	r9, r2
 c7c:	9b 18       	sub	r9, r11
 c7e:	0e c0       	rjmp	.+28     	; 0xc9c <vfprintf+0x330>
 c80:	b2 14       	cp	r11, r2
 c82:	60 f4       	brcc	.+24     	; 0xc9c <vfprintf+0x330>
 c84:	b6 01       	movw	r22, r12
 c86:	80 e2       	ldi	r24, 0x20	; 32
 c88:	90 e0       	ldi	r25, 0x00	; 0
 c8a:	0e 94 ad 06 	call	0xd5a	; 0xd5a <fputc>
 c8e:	b3 94       	inc	r11
 c90:	f7 cf       	rjmp	.-18     	; 0xc80 <vfprintf+0x314>
 c92:	b2 14       	cp	r11, r2
 c94:	18 f4       	brcc	.+6      	; 0xc9c <vfprintf+0x330>
 c96:	2b 18       	sub	r2, r11
 c98:	02 c0       	rjmp	.+4      	; 0xc9e <vfprintf+0x332>
 c9a:	98 2c       	mov	r9, r8
 c9c:	21 2c       	mov	r2, r1
 c9e:	a4 fe       	sbrs	r10, 4
 ca0:	10 c0       	rjmp	.+32     	; 0xcc2 <vfprintf+0x356>
 ca2:	b6 01       	movw	r22, r12
 ca4:	80 e3       	ldi	r24, 0x30	; 48
 ca6:	90 e0       	ldi	r25, 0x00	; 0
 ca8:	0e 94 ad 06 	call	0xd5a	; 0xd5a <fputc>
 cac:	a2 fe       	sbrs	r10, 2
 cae:	17 c0       	rjmp	.+46     	; 0xcde <vfprintf+0x372>
 cb0:	a1 fc       	sbrc	r10, 1
 cb2:	03 c0       	rjmp	.+6      	; 0xcba <vfprintf+0x34e>
 cb4:	88 e7       	ldi	r24, 0x78	; 120
 cb6:	90 e0       	ldi	r25, 0x00	; 0
 cb8:	02 c0       	rjmp	.+4      	; 0xcbe <vfprintf+0x352>
 cba:	88 e5       	ldi	r24, 0x58	; 88
 cbc:	90 e0       	ldi	r25, 0x00	; 0
 cbe:	b6 01       	movw	r22, r12
 cc0:	0c c0       	rjmp	.+24     	; 0xcda <vfprintf+0x36e>
 cc2:	8a 2d       	mov	r24, r10
 cc4:	86 78       	andi	r24, 0x86	; 134
 cc6:	59 f0       	breq	.+22     	; 0xcde <vfprintf+0x372>
 cc8:	a1 fe       	sbrs	r10, 1
 cca:	02 c0       	rjmp	.+4      	; 0xcd0 <vfprintf+0x364>
 ccc:	8b e2       	ldi	r24, 0x2B	; 43
 cce:	01 c0       	rjmp	.+2      	; 0xcd2 <vfprintf+0x366>
 cd0:	80 e2       	ldi	r24, 0x20	; 32
 cd2:	a7 fc       	sbrc	r10, 7
 cd4:	8d e2       	ldi	r24, 0x2D	; 45
 cd6:	b6 01       	movw	r22, r12
 cd8:	90 e0       	ldi	r25, 0x00	; 0
 cda:	0e 94 ad 06 	call	0xd5a	; 0xd5a <fputc>
 cde:	89 14       	cp	r8, r9
 ce0:	38 f4       	brcc	.+14     	; 0xcf0 <vfprintf+0x384>
 ce2:	b6 01       	movw	r22, r12
 ce4:	80 e3       	ldi	r24, 0x30	; 48
 ce6:	90 e0       	ldi	r25, 0x00	; 0
 ce8:	0e 94 ad 06 	call	0xd5a	; 0xd5a <fputc>
 cec:	9a 94       	dec	r9
 cee:	f7 cf       	rjmp	.-18     	; 0xcde <vfprintf+0x372>
 cf0:	8a 94       	dec	r8
 cf2:	f3 01       	movw	r30, r6
 cf4:	e8 0d       	add	r30, r8
 cf6:	f1 1d       	adc	r31, r1
 cf8:	80 81       	ld	r24, Z
 cfa:	b6 01       	movw	r22, r12
 cfc:	90 e0       	ldi	r25, 0x00	; 0
 cfe:	0e 94 ad 06 	call	0xd5a	; 0xd5a <fputc>
 d02:	81 10       	cpse	r8, r1
 d04:	f5 cf       	rjmp	.-22     	; 0xcf0 <vfprintf+0x384>
 d06:	22 20       	and	r2, r2
 d08:	09 f4       	brne	.+2      	; 0xd0c <vfprintf+0x3a0>
 d0a:	42 ce       	rjmp	.-892    	; 0x990 <vfprintf+0x24>
 d0c:	b6 01       	movw	r22, r12
 d0e:	80 e2       	ldi	r24, 0x20	; 32
 d10:	90 e0       	ldi	r25, 0x00	; 0
 d12:	0e 94 ad 06 	call	0xd5a	; 0xd5a <fputc>
 d16:	2a 94       	dec	r2
 d18:	f6 cf       	rjmp	.-20     	; 0xd06 <vfprintf+0x39a>
 d1a:	f6 01       	movw	r30, r12
 d1c:	86 81       	ldd	r24, Z+6	; 0x06
 d1e:	97 81       	ldd	r25, Z+7	; 0x07
 d20:	02 c0       	rjmp	.+4      	; 0xd26 <vfprintf+0x3ba>
 d22:	8f ef       	ldi	r24, 0xFF	; 255
 d24:	9f ef       	ldi	r25, 0xFF	; 255
 d26:	2b 96       	adiw	r28, 0x0b	; 11
 d28:	e2 e1       	ldi	r30, 0x12	; 18
 d2a:	0c 94 95 07 	jmp	0xf2a	; 0xf2a <__epilogue_restores__>

00000d2e <strnlen_P>:
 d2e:	fc 01       	movw	r30, r24
 d30:	05 90       	lpm	r0, Z+
 d32:	61 50       	subi	r22, 0x01	; 1
 d34:	70 40       	sbci	r23, 0x00	; 0
 d36:	01 10       	cpse	r0, r1
 d38:	d8 f7       	brcc	.-10     	; 0xd30 <strnlen_P+0x2>
 d3a:	80 95       	com	r24
 d3c:	90 95       	com	r25
 d3e:	8e 0f       	add	r24, r30
 d40:	9f 1f       	adc	r25, r31
 d42:	08 95       	ret

00000d44 <strnlen>:
 d44:	fc 01       	movw	r30, r24
 d46:	61 50       	subi	r22, 0x01	; 1
 d48:	70 40       	sbci	r23, 0x00	; 0
 d4a:	01 90       	ld	r0, Z+
 d4c:	01 10       	cpse	r0, r1
 d4e:	d8 f7       	brcc	.-10     	; 0xd46 <strnlen+0x2>
 d50:	80 95       	com	r24
 d52:	90 95       	com	r25
 d54:	8e 0f       	add	r24, r30
 d56:	9f 1f       	adc	r25, r31
 d58:	08 95       	ret

00000d5a <fputc>:
 d5a:	0f 93       	push	r16
 d5c:	1f 93       	push	r17
 d5e:	cf 93       	push	r28
 d60:	df 93       	push	r29
 d62:	fb 01       	movw	r30, r22
 d64:	23 81       	ldd	r18, Z+3	; 0x03
 d66:	21 fd       	sbrc	r18, 1
 d68:	03 c0       	rjmp	.+6      	; 0xd70 <fputc+0x16>
 d6a:	8f ef       	ldi	r24, 0xFF	; 255
 d6c:	9f ef       	ldi	r25, 0xFF	; 255
 d6e:	2c c0       	rjmp	.+88     	; 0xdc8 <fputc+0x6e>
 d70:	22 ff       	sbrs	r18, 2
 d72:	16 c0       	rjmp	.+44     	; 0xda0 <fputc+0x46>
 d74:	46 81       	ldd	r20, Z+6	; 0x06
 d76:	57 81       	ldd	r21, Z+7	; 0x07
 d78:	24 81       	ldd	r18, Z+4	; 0x04
 d7a:	35 81       	ldd	r19, Z+5	; 0x05
 d7c:	42 17       	cp	r20, r18
 d7e:	53 07       	cpc	r21, r19
 d80:	44 f4       	brge	.+16     	; 0xd92 <fputc+0x38>
 d82:	a0 81       	ld	r26, Z
 d84:	b1 81       	ldd	r27, Z+1	; 0x01
 d86:	9d 01       	movw	r18, r26
 d88:	2f 5f       	subi	r18, 0xFF	; 255
 d8a:	3f 4f       	sbci	r19, 0xFF	; 255
 d8c:	31 83       	std	Z+1, r19	; 0x01
 d8e:	20 83       	st	Z, r18
 d90:	8c 93       	st	X, r24
 d92:	26 81       	ldd	r18, Z+6	; 0x06
 d94:	37 81       	ldd	r19, Z+7	; 0x07
 d96:	2f 5f       	subi	r18, 0xFF	; 255
 d98:	3f 4f       	sbci	r19, 0xFF	; 255
 d9a:	37 83       	std	Z+7, r19	; 0x07
 d9c:	26 83       	std	Z+6, r18	; 0x06
 d9e:	14 c0       	rjmp	.+40     	; 0xdc8 <fputc+0x6e>
 da0:	8b 01       	movw	r16, r22
 da2:	ec 01       	movw	r28, r24
 da4:	fb 01       	movw	r30, r22
 da6:	00 84       	ldd	r0, Z+8	; 0x08
 da8:	f1 85       	ldd	r31, Z+9	; 0x09
 daa:	e0 2d       	mov	r30, r0
 dac:	09 95       	icall
 dae:	89 2b       	or	r24, r25
 db0:	e1 f6       	brne	.-72     	; 0xd6a <fputc+0x10>
 db2:	d8 01       	movw	r26, r16
 db4:	16 96       	adiw	r26, 0x06	; 6
 db6:	8d 91       	ld	r24, X+
 db8:	9c 91       	ld	r25, X
 dba:	17 97       	sbiw	r26, 0x07	; 7
 dbc:	01 96       	adiw	r24, 0x01	; 1
 dbe:	17 96       	adiw	r26, 0x07	; 7
 dc0:	9c 93       	st	X, r25
 dc2:	8e 93       	st	-X, r24
 dc4:	16 97       	sbiw	r26, 0x06	; 6
 dc6:	ce 01       	movw	r24, r28
 dc8:	df 91       	pop	r29
 dca:	cf 91       	pop	r28
 dcc:	1f 91       	pop	r17
 dce:	0f 91       	pop	r16
 dd0:	08 95       	ret

00000dd2 <__ultoa_invert>:
 dd2:	fa 01       	movw	r30, r20
 dd4:	aa 27       	eor	r26, r26
 dd6:	28 30       	cpi	r18, 0x08	; 8
 dd8:	51 f1       	breq	.+84     	; 0xe2e <__ultoa_invert+0x5c>
 dda:	20 31       	cpi	r18, 0x10	; 16
 ddc:	81 f1       	breq	.+96     	; 0xe3e <__ultoa_invert+0x6c>
 dde:	e8 94       	clt
 de0:	6f 93       	push	r22
 de2:	6e 7f       	andi	r22, 0xFE	; 254
 de4:	6e 5f       	subi	r22, 0xFE	; 254
 de6:	7f 4f       	sbci	r23, 0xFF	; 255
 de8:	8f 4f       	sbci	r24, 0xFF	; 255
 dea:	9f 4f       	sbci	r25, 0xFF	; 255
 dec:	af 4f       	sbci	r26, 0xFF	; 255
 dee:	b1 e0       	ldi	r27, 0x01	; 1
 df0:	3e d0       	rcall	.+124    	; 0xe6e <__ultoa_invert+0x9c>
 df2:	b4 e0       	ldi	r27, 0x04	; 4
 df4:	3c d0       	rcall	.+120    	; 0xe6e <__ultoa_invert+0x9c>
 df6:	67 0f       	add	r22, r23
 df8:	78 1f       	adc	r23, r24
 dfa:	89 1f       	adc	r24, r25
 dfc:	9a 1f       	adc	r25, r26
 dfe:	a1 1d       	adc	r26, r1
 e00:	68 0f       	add	r22, r24
 e02:	79 1f       	adc	r23, r25
 e04:	8a 1f       	adc	r24, r26
 e06:	91 1d       	adc	r25, r1
 e08:	a1 1d       	adc	r26, r1
 e0a:	6a 0f       	add	r22, r26
 e0c:	71 1d       	adc	r23, r1
 e0e:	81 1d       	adc	r24, r1
 e10:	91 1d       	adc	r25, r1
 e12:	a1 1d       	adc	r26, r1
 e14:	20 d0       	rcall	.+64     	; 0xe56 <__ultoa_invert+0x84>
 e16:	09 f4       	brne	.+2      	; 0xe1a <__ultoa_invert+0x48>
 e18:	68 94       	set
 e1a:	3f 91       	pop	r19
 e1c:	2a e0       	ldi	r18, 0x0A	; 10
 e1e:	26 9f       	mul	r18, r22
 e20:	11 24       	eor	r1, r1
 e22:	30 19       	sub	r19, r0
 e24:	30 5d       	subi	r19, 0xD0	; 208
 e26:	31 93       	st	Z+, r19
 e28:	de f6       	brtc	.-74     	; 0xde0 <__ultoa_invert+0xe>
 e2a:	cf 01       	movw	r24, r30
 e2c:	08 95       	ret
 e2e:	46 2f       	mov	r20, r22
 e30:	47 70       	andi	r20, 0x07	; 7
 e32:	40 5d       	subi	r20, 0xD0	; 208
 e34:	41 93       	st	Z+, r20
 e36:	b3 e0       	ldi	r27, 0x03	; 3
 e38:	0f d0       	rcall	.+30     	; 0xe58 <__ultoa_invert+0x86>
 e3a:	c9 f7       	brne	.-14     	; 0xe2e <__ultoa_invert+0x5c>
 e3c:	f6 cf       	rjmp	.-20     	; 0xe2a <__ultoa_invert+0x58>
 e3e:	46 2f       	mov	r20, r22
 e40:	4f 70       	andi	r20, 0x0F	; 15
 e42:	40 5d       	subi	r20, 0xD0	; 208
 e44:	4a 33       	cpi	r20, 0x3A	; 58
 e46:	18 f0       	brcs	.+6      	; 0xe4e <__ultoa_invert+0x7c>
 e48:	49 5d       	subi	r20, 0xD9	; 217
 e4a:	31 fd       	sbrc	r19, 1
 e4c:	40 52       	subi	r20, 0x20	; 32
 e4e:	41 93       	st	Z+, r20
 e50:	02 d0       	rcall	.+4      	; 0xe56 <__ultoa_invert+0x84>
 e52:	a9 f7       	brne	.-22     	; 0xe3e <__ultoa_invert+0x6c>
 e54:	ea cf       	rjmp	.-44     	; 0xe2a <__ultoa_invert+0x58>
 e56:	b4 e0       	ldi	r27, 0x04	; 4
 e58:	a6 95       	lsr	r26
 e5a:	97 95       	ror	r25
 e5c:	87 95       	ror	r24
 e5e:	77 95       	ror	r23
 e60:	67 95       	ror	r22
 e62:	ba 95       	dec	r27
 e64:	c9 f7       	brne	.-14     	; 0xe58 <__ultoa_invert+0x86>
 e66:	00 97       	sbiw	r24, 0x00	; 0
 e68:	61 05       	cpc	r22, r1
 e6a:	71 05       	cpc	r23, r1
 e6c:	08 95       	ret
 e6e:	9b 01       	movw	r18, r22
 e70:	ac 01       	movw	r20, r24
 e72:	0a 2e       	mov	r0, r26
 e74:	06 94       	lsr	r0
 e76:	57 95       	ror	r21
 e78:	47 95       	ror	r20
 e7a:	37 95       	ror	r19
 e7c:	27 95       	ror	r18
 e7e:	ba 95       	dec	r27
 e80:	c9 f7       	brne	.-14     	; 0xe74 <__ultoa_invert+0xa2>
 e82:	62 0f       	add	r22, r18
 e84:	73 1f       	adc	r23, r19
 e86:	84 1f       	adc	r24, r20
 e88:	95 1f       	adc	r25, r21
 e8a:	a0 1d       	adc	r26, r0
 e8c:	08 95       	ret

00000e8e <__divmodsi4>:
 e8e:	05 2e       	mov	r0, r21
 e90:	97 fb       	bst	r25, 7
 e92:	1e f4       	brtc	.+6      	; 0xe9a <__divmodsi4+0xc>
 e94:	00 94       	com	r0
 e96:	0e 94 5e 07 	call	0xebc	; 0xebc <__negsi2>
 e9a:	57 fd       	sbrc	r21, 7
 e9c:	07 d0       	rcall	.+14     	; 0xeac <__divmodsi4_neg2>
 e9e:	0e 94 b0 07 	call	0xf60	; 0xf60 <__udivmodsi4>
 ea2:	07 fc       	sbrc	r0, 7
 ea4:	03 d0       	rcall	.+6      	; 0xeac <__divmodsi4_neg2>
 ea6:	4e f4       	brtc	.+18     	; 0xeba <__divmodsi4_exit>
 ea8:	0c 94 5e 07 	jmp	0xebc	; 0xebc <__negsi2>

00000eac <__divmodsi4_neg2>:
 eac:	50 95       	com	r21
 eae:	40 95       	com	r20
 eb0:	30 95       	com	r19
 eb2:	21 95       	neg	r18
 eb4:	3f 4f       	sbci	r19, 0xFF	; 255
 eb6:	4f 4f       	sbci	r20, 0xFF	; 255
 eb8:	5f 4f       	sbci	r21, 0xFF	; 255

00000eba <__divmodsi4_exit>:
 eba:	08 95       	ret

00000ebc <__negsi2>:
 ebc:	90 95       	com	r25
 ebe:	80 95       	com	r24
 ec0:	70 95       	com	r23
 ec2:	61 95       	neg	r22
 ec4:	7f 4f       	sbci	r23, 0xFF	; 255
 ec6:	8f 4f       	sbci	r24, 0xFF	; 255
 ec8:	9f 4f       	sbci	r25, 0xFF	; 255
 eca:	08 95       	ret

00000ecc <__muluhisi3>:
 ecc:	0e 94 d2 07 	call	0xfa4	; 0xfa4 <__umulhisi3>
 ed0:	a5 9f       	mul	r26, r21
 ed2:	90 0d       	add	r25, r0
 ed4:	b4 9f       	mul	r27, r20
 ed6:	90 0d       	add	r25, r0
 ed8:	a4 9f       	mul	r26, r20
 eda:	80 0d       	add	r24, r0
 edc:	91 1d       	adc	r25, r1
 ede:	11 24       	eor	r1, r1
 ee0:	08 95       	ret

00000ee2 <__mulshisi3>:
 ee2:	b7 ff       	sbrs	r27, 7
 ee4:	0c 94 66 07 	jmp	0xecc	; 0xecc <__muluhisi3>

00000ee8 <__mulohisi3>:
 ee8:	0e 94 66 07 	call	0xecc	; 0xecc <__muluhisi3>
 eec:	82 1b       	sub	r24, r18
 eee:	93 0b       	sbc	r25, r19
 ef0:	08 95       	ret

00000ef2 <__prologue_saves__>:
 ef2:	2f 92       	push	r2
 ef4:	3f 92       	push	r3
 ef6:	4f 92       	push	r4
 ef8:	5f 92       	push	r5
 efa:	6f 92       	push	r6
 efc:	7f 92       	push	r7
 efe:	8f 92       	push	r8
 f00:	9f 92       	push	r9
 f02:	af 92       	push	r10
 f04:	bf 92       	push	r11
 f06:	cf 92       	push	r12
 f08:	df 92       	push	r13
 f0a:	ef 92       	push	r14
 f0c:	ff 92       	push	r15
 f0e:	0f 93       	push	r16
 f10:	1f 93       	push	r17
 f12:	cf 93       	push	r28
 f14:	df 93       	push	r29
 f16:	cd b7       	in	r28, 0x3d	; 61
 f18:	de b7       	in	r29, 0x3e	; 62
 f1a:	ca 1b       	sub	r28, r26
 f1c:	db 0b       	sbc	r29, r27
 f1e:	0f b6       	in	r0, 0x3f	; 63
 f20:	f8 94       	cli
 f22:	de bf       	out	0x3e, r29	; 62
 f24:	0f be       	out	0x3f, r0	; 63
 f26:	cd bf       	out	0x3d, r28	; 61
 f28:	09 94       	ijmp

00000f2a <__epilogue_restores__>:
 f2a:	2a 88       	ldd	r2, Y+18	; 0x12
 f2c:	39 88       	ldd	r3, Y+17	; 0x11
 f2e:	48 88       	ldd	r4, Y+16	; 0x10
 f30:	5f 84       	ldd	r5, Y+15	; 0x0f
 f32:	6e 84       	ldd	r6, Y+14	; 0x0e
 f34:	7d 84       	ldd	r7, Y+13	; 0x0d
 f36:	8c 84       	ldd	r8, Y+12	; 0x0c
 f38:	9b 84       	ldd	r9, Y+11	; 0x0b
 f3a:	aa 84       	ldd	r10, Y+10	; 0x0a
 f3c:	b9 84       	ldd	r11, Y+9	; 0x09
 f3e:	c8 84       	ldd	r12, Y+8	; 0x08
 f40:	df 80       	ldd	r13, Y+7	; 0x07
 f42:	ee 80       	ldd	r14, Y+6	; 0x06
 f44:	fd 80       	ldd	r15, Y+5	; 0x05
 f46:	0c 81       	ldd	r16, Y+4	; 0x04
 f48:	1b 81       	ldd	r17, Y+3	; 0x03
 f4a:	aa 81       	ldd	r26, Y+2	; 0x02
 f4c:	b9 81       	ldd	r27, Y+1	; 0x01
 f4e:	ce 0f       	add	r28, r30
 f50:	d1 1d       	adc	r29, r1
 f52:	0f b6       	in	r0, 0x3f	; 63
 f54:	f8 94       	cli
 f56:	de bf       	out	0x3e, r29	; 62
 f58:	0f be       	out	0x3f, r0	; 63
 f5a:	cd bf       	out	0x3d, r28	; 61
 f5c:	ed 01       	movw	r28, r26
 f5e:	08 95       	ret

00000f60 <__udivmodsi4>:
 f60:	a1 e2       	ldi	r26, 0x21	; 33
 f62:	1a 2e       	mov	r1, r26
 f64:	aa 1b       	sub	r26, r26
 f66:	bb 1b       	sub	r27, r27
 f68:	fd 01       	movw	r30, r26
 f6a:	0d c0       	rjmp	.+26     	; 0xf86 <__udivmodsi4_ep>

00000f6c <__udivmodsi4_loop>:
 f6c:	aa 1f       	adc	r26, r26
 f6e:	bb 1f       	adc	r27, r27
 f70:	ee 1f       	adc	r30, r30
 f72:	ff 1f       	adc	r31, r31
 f74:	a2 17       	cp	r26, r18
 f76:	b3 07       	cpc	r27, r19
 f78:	e4 07       	cpc	r30, r20
 f7a:	f5 07       	cpc	r31, r21
 f7c:	20 f0       	brcs	.+8      	; 0xf86 <__udivmodsi4_ep>
 f7e:	a2 1b       	sub	r26, r18
 f80:	b3 0b       	sbc	r27, r19
 f82:	e4 0b       	sbc	r30, r20
 f84:	f5 0b       	sbc	r31, r21

00000f86 <__udivmodsi4_ep>:
 f86:	66 1f       	adc	r22, r22
 f88:	77 1f       	adc	r23, r23
 f8a:	88 1f       	adc	r24, r24
 f8c:	99 1f       	adc	r25, r25
 f8e:	1a 94       	dec	r1
 f90:	69 f7       	brne	.-38     	; 0xf6c <__udivmodsi4_loop>
 f92:	60 95       	com	r22
 f94:	70 95       	com	r23
 f96:	80 95       	com	r24
 f98:	90 95       	com	r25
 f9a:	9b 01       	movw	r18, r22
 f9c:	ac 01       	movw	r20, r24
 f9e:	bd 01       	movw	r22, r26
 fa0:	cf 01       	movw	r24, r30
 fa2:	08 95       	ret

00000fa4 <__umulhisi3>:
 fa4:	a2 9f       	mul	r26, r18
 fa6:	b0 01       	movw	r22, r0
 fa8:	b3 9f       	mul	r27, r19
 faa:	c0 01       	movw	r24, r0
 fac:	a3 9f       	mul	r26, r19
 fae:	70 0d       	add	r23, r0
 fb0:	81 1d       	adc	r24, r1
 fb2:	11 24       	eor	r1, r1
 fb4:	91 1d       	adc	r25, r1
 fb6:	b2 9f       	mul	r27, r18
 fb8:	70 0d       	add	r23, r0
 fba:	81 1d       	adc	r24, r1
 fbc:	11 24       	eor	r1, r1
 fbe:	91 1d       	adc	r25, r1
 fc0:	08 95       	ret

00000fc2 <_exit>:
 fc2:	f8 94       	cli

00000fc4 <__stop_program>:
 fc4:	ff cf       	rjmp	.-2      	; 0xfc4 <__stop_program>
